23/01/12 09:12:23 INFO namenode.NameNode: STARTUP_MSG: 
/************************************************************
STARTUP_MSG: Starting NameNode
STARTUP_MSG:   host = ip-172-31-17-230/172.31.17.230
STARTUP_MSG:   args = []
STARTUP_MSG:   version = 2.7.3
STARTUP_MSG:   classpath = /home/ubuntu/hadoop/etc/hadoop:/home/ubuntu/hadoop/share/hadoop/common/lib/servlet-api-2.5.jar:/home/ubuntu/hadoop/share/hadoop/common/lib/jetty-6.1.26.jar:/home/ubuntu/hadoop/share/hadoop/common/lib/api-asn1-api-1.0.0-M20.jar:/home/ubuntu/hadoop/share/hadoop/common/lib/mockito-all-1.8.5.jar:/home/ubuntu/hadoop/share/hadoop/common/lib/commons-logging-1.1.3.jar:/home/ubuntu/hadoop/share/hadoop/common/lib/commons-math3-3.1.1.jar:/home/ubuntu/hadoop/share/hadoop/common/lib/httpcore-4.2.5.jar:/home/ubuntu/hadoop/share/hadoop/common/lib/guava-11.0.2.jar:/home/ubuntu/hadoop/share/hadoop/common/lib/commons-codec-1.4.jar:/home/ubuntu/hadoop/share/hadoop/common/lib/jets3t-0.9.0.jar:/home/ubuntu/hadoop/share/hadoop/common/lib/curator-recipes-2.7.1.jar:/home/ubuntu/hadoop/share/hadoop/common/lib/jetty-util-6.1.26.jar:/home/ubuntu/hadoop/share/hadoop/common/lib/htrace-core-3.1.0-incubating.jar:/home/ubuntu/hadoop/share/hadoop/common/lib/commons-httpclient-3.1.jar:/home/ubuntu/hadoop/share/hadoop/common/lib/commons-beanutils-core-1.8.0.jar:/home/ubuntu/hadoop/share/hadoop/common/lib/hamcrest-core-1.3.jar:/home/ubuntu/hadoop/share/hadoop/common/lib/jersey-json-1.9.jar:/home/ubuntu/hadoop/share/hadoop/common/lib/avro-1.7.4.jar:/home/ubuntu/hadoop/share/hadoop/common/lib/paranamer-2.3.jar:/home/ubuntu/hadoop/share/hadoop/common/lib/jaxb-api-2.2.2.jar:/home/ubuntu/hadoop/share/hadoop/common/lib/commons-configuration-1.6.jar:/home/ubuntu/hadoop/share/hadoop/common/lib/commons-io-2.4.jar:/home/ubuntu/hadoop/share/hadoop/common/lib/jsr305-3.0.0.jar:/home/ubuntu/hadoop/share/hadoop/common/lib/commons-cli-1.2.jar:/home/ubuntu/hadoop/share/hadoop/common/lib/jsp-api-2.1.jar:/home/ubuntu/hadoop/share/hadoop/common/lib/asm-3.2.jar:/home/ubuntu/hadoop/share/hadoop/common/lib/commons-collections-3.2.2.jar:/home/ubuntu/hadoop/share/hadoop/common/lib/stax-api-1.0-2.jar:/home/ubuntu/hadoop/share/hadoop/common/lib/commons-beanutils-1.7.0.jar:/home/ubuntu/hadoop/share/hadoop/common/lib/commons-net-3.1.jar:/home/ubuntu/hadoop/share/hadoop/common/lib/curator-framework-2.7.1.jar:/home/ubuntu/hadoop/share/hadoop/common/lib/apacheds-i18n-2.0.0-M15.jar:/home/ubuntu/hadoop/share/hadoop/common/lib/commons-lang-2.6.jar:/home/ubuntu/hadoop/share/hadoop/common/lib/jackson-jaxrs-1.9.13.jar:/home/ubuntu/hadoop/share/hadoop/common/lib/xmlenc-0.52.jar:/home/ubuntu/hadoop/share/hadoop/common/lib/jackson-mapper-asl-1.9.13.jar:/home/ubuntu/hadoop/share/hadoop/common/lib/xz-1.0.jar:/home/ubuntu/hadoop/share/hadoop/common/lib/slf4j-log4j12-1.7.10.jar:/home/ubuntu/hadoop/share/hadoop/common/lib/jersey-core-1.9.jar:/home/ubuntu/hadoop/share/hadoop/common/lib/api-util-1.0.0-M20.jar:/home/ubuntu/hadoop/share/hadoop/common/lib/jackson-xc-1.9.13.jar:/home/ubuntu/hadoop/share/hadoop/common/lib/jettison-1.1.jar:/home/ubuntu/hadoop/share/hadoop/common/lib/jersey-server-1.9.jar:/home/ubuntu/hadoop/share/hadoop/common/lib/jaxb-impl-2.2.3-1.jar:/home/ubuntu/hadoop/share/hadoop/common/lib/hadoop-annotations-2.7.3.jar:/home/ubuntu/hadoop/share/hadoop/common/lib/apacheds-kerberos-codec-2.0.0-M15.jar:/home/ubuntu/hadoop/share/hadoop/common/lib/snappy-java-1.0.4.1.jar:/home/ubuntu/hadoop/share/hadoop/common/lib/commons-digester-1.8.jar:/home/ubuntu/hadoop/share/hadoop/common/lib/slf4j-api-1.7.10.jar:/home/ubuntu/hadoop/share/hadoop/common/lib/junit-4.11.jar:/home/ubuntu/hadoop/share/hadoop/common/lib/jackson-core-asl-1.9.13.jar:/home/ubuntu/hadoop/share/hadoop/common/lib/activation-1.1.jar:/home/ubuntu/hadoop/share/hadoop/common/lib/log4j-1.2.17.jar:/home/ubuntu/hadoop/share/hadoop/common/lib/protobuf-java-2.5.0.jar:/home/ubuntu/hadoop/share/hadoop/common/lib/jsch-0.1.42.jar:/home/ubuntu/hadoop/share/hadoop/common/lib/commons-compress-1.4.1.jar:/home/ubuntu/hadoop/share/hadoop/common/lib/java-xmlbuilder-0.4.jar:/home/ubuntu/hadoop/share/hadoop/common/lib/zookeeper-3.4.6.jar:/home/ubuntu/hadoop/share/hadoop/common/lib/gson-2.2.4.jar:/home/ubuntu/hadoop/share/hadoop/common/lib/curator-client-2.7.1.jar:/home/ubuntu/hadoop/share/hadoop/common/lib/hadoop-auth-2.7.3.jar:/home/ubuntu/hadoop/share/hadoop/common/lib/netty-3.6.2.Final.jar:/home/ubuntu/hadoop/share/hadoop/common/lib/httpclient-4.2.5.jar:/home/ubuntu/hadoop/share/hadoop/common/hadoop-common-2.7.3.jar:/home/ubuntu/hadoop/share/hadoop/common/hadoop-nfs-2.7.3.jar:/home/ubuntu/hadoop/share/hadoop/common/hadoop-common-2.7.3-tests.jar:/home/ubuntu/hadoop/share/hadoop/hdfs:/home/ubuntu/hadoop/share/hadoop/hdfs/lib/servlet-api-2.5.jar:/home/ubuntu/hadoop/share/hadoop/hdfs/lib/jetty-6.1.26.jar:/home/ubuntu/hadoop/share/hadoop/hdfs/lib/commons-logging-1.1.3.jar:/home/ubuntu/hadoop/share/hadoop/hdfs/lib/guava-11.0.2.jar:/home/ubuntu/hadoop/share/hadoop/hdfs/lib/commons-codec-1.4.jar:/home/ubuntu/hadoop/share/hadoop/hdfs/lib/leveldbjni-all-1.8.jar:/home/ubuntu/hadoop/share/hadoop/hdfs/lib/jetty-util-6.1.26.jar:/home/ubuntu/hadoop/share/hadoop/hdfs/lib/htrace-core-3.1.0-incubating.jar:/home/ubuntu/hadoop/share/hadoop/hdfs/lib/commons-daemon-1.0.13.jar:/home/ubuntu/hadoop/share/hadoop/hdfs/lib/commons-io-2.4.jar:/home/ubuntu/hadoop/share/hadoop/hdfs/lib/jsr305-3.0.0.jar:/home/ubuntu/hadoop/share/hadoop/hdfs/lib/commons-cli-1.2.jar:/home/ubuntu/hadoop/share/hadoop/hdfs/lib/asm-3.2.jar:/home/ubuntu/hadoop/share/hadoop/hdfs/lib/commons-lang-2.6.jar:/home/ubuntu/hadoop/share/hadoop/hdfs/lib/xmlenc-0.52.jar:/home/ubuntu/hadoop/share/hadoop/hdfs/lib/jackson-mapper-asl-1.9.13.jar:/home/ubuntu/hadoop/share/hadoop/hdfs/lib/jersey-core-1.9.jar:/home/ubuntu/hadoop/share/hadoop/hdfs/lib/jersey-server-1.9.jar:/home/ubuntu/hadoop/share/hadoop/hdfs/lib/netty-all-4.0.23.Final.jar:/home/ubuntu/hadoop/share/hadoop/hdfs/lib/xercesImpl-2.9.1.jar:/home/ubuntu/hadoop/share/hadoop/hdfs/lib/jackson-core-asl-1.9.13.jar:/home/ubuntu/hadoop/share/hadoop/hdfs/lib/log4j-1.2.17.jar:/home/ubuntu/hadoop/share/hadoop/hdfs/lib/protobuf-java-2.5.0.jar:/home/ubuntu/hadoop/share/hadoop/hdfs/lib/xml-apis-1.3.04.jar:/home/ubuntu/hadoop/share/hadoop/hdfs/lib/netty-3.6.2.Final.jar:/home/ubuntu/hadoop/share/hadoop/hdfs/hadoop-hdfs-2.7.3-tests.jar:/home/ubuntu/hadoop/share/hadoop/hdfs/hadoop-hdfs-2.7.3.jar:/home/ubuntu/hadoop/share/hadoop/hdfs/hadoop-hdfs-nfs-2.7.3.jar:/home/ubuntu/hadoop/share/hadoop/yarn/lib/servlet-api-2.5.jar:/home/ubuntu/hadoop/share/hadoop/yarn/lib/jetty-6.1.26.jar:/home/ubuntu/hadoop/share/hadoop/yarn/lib/commons-logging-1.1.3.jar:/home/ubuntu/hadoop/share/hadoop/yarn/lib/guava-11.0.2.jar:/home/ubuntu/hadoop/share/hadoop/yarn/lib/commons-codec-1.4.jar:/home/ubuntu/hadoop/share/hadoop/yarn/lib/leveldbjni-all-1.8.jar:/home/ubuntu/hadoop/share/hadoop/yarn/lib/jetty-util-6.1.26.jar:/home/ubuntu/hadoop/share/hadoop/yarn/lib/jersey-json-1.9.jar:/home/ubuntu/hadoop/share/hadoop/yarn/lib/jersey-guice-1.9.jar:/home/ubuntu/hadoop/share/hadoop/yarn/lib/guice-3.0.jar:/home/ubuntu/hadoop/share/hadoop/yarn/lib/jaxb-api-2.2.2.jar:/home/ubuntu/hadoop/share/hadoop/yarn/lib/guice-servlet-3.0.jar:/home/ubuntu/hadoop/share/hadoop/yarn/lib/commons-io-2.4.jar:/home/ubuntu/hadoop/share/hadoop/yarn/lib/jsr305-3.0.0.jar:/home/ubuntu/hadoop/share/hadoop/yarn/lib/commons-cli-1.2.jar:/home/ubuntu/hadoop/share/hadoop/yarn/lib/asm-3.2.jar:/home/ubuntu/hadoop/share/hadoop/yarn/lib/commons-collections-3.2.2.jar:/home/ubuntu/hadoop/share/hadoop/yarn/lib/stax-api-1.0-2.jar:/home/ubuntu/hadoop/share/hadoop/yarn/lib/commons-lang-2.6.jar:/home/ubuntu/hadoop/share/hadoop/yarn/lib/jackson-jaxrs-1.9.13.jar:/home/ubuntu/hadoop/share/hadoop/yarn/lib/aopalliance-1.0.jar:/home/ubuntu/hadoop/share/hadoop/yarn/lib/jackson-mapper-asl-1.9.13.jar:/home/ubuntu/hadoop/share/hadoop/yarn/lib/xz-1.0.jar:/home/ubuntu/hadoop/share/hadoop/yarn/lib/jersey-core-1.9.jar:/home/ubuntu/hadoop/share/hadoop/yarn/lib/jackson-xc-1.9.13.jar:/home/ubuntu/hadoop/share/hadoop/yarn/lib/jettison-1.1.jar:/home/ubuntu/hadoop/share/hadoop/yarn/lib/javax.inject-1.jar:/home/ubuntu/hadoop/share/hadoop/yarn/lib/jersey-server-1.9.jar:/home/ubuntu/hadoop/share/hadoop/yarn/lib/jaxb-impl-2.2.3-1.jar:/home/ubuntu/hadoop/share/hadoop/yarn/lib/jersey-client-1.9.jar:/home/ubuntu/hadoop/share/hadoop/yarn/lib/jackson-core-asl-1.9.13.jar:/home/ubuntu/hadoop/share/hadoop/yarn/lib/activation-1.1.jar:/home/ubuntu/hadoop/share/hadoop/yarn/lib/log4j-1.2.17.jar:/home/ubuntu/hadoop/share/hadoop/yarn/lib/protobuf-java-2.5.0.jar:/home/ubuntu/hadoop/share/hadoop/yarn/lib/commons-compress-1.4.1.jar:/home/ubuntu/hadoop/share/hadoop/yarn/lib/zookeeper-3.4.6.jar:/home/ubuntu/hadoop/share/hadoop/yarn/lib/zookeeper-3.4.6-tests.jar:/home/ubuntu/hadoop/share/hadoop/yarn/lib/netty-3.6.2.Final.jar:/home/ubuntu/hadoop/share/hadoop/yarn/hadoop-yarn-server-nodemanager-2.7.3.jar:/home/ubuntu/hadoop/share/hadoop/yarn/hadoop-yarn-server-web-proxy-2.7.3.jar:/home/ubuntu/hadoop/share/hadoop/yarn/hadoop-yarn-registry-2.7.3.jar:/home/ubuntu/hadoop/share/hadoop/yarn/hadoop-yarn-api-2.7.3.jar:/home/ubuntu/hadoop/share/hadoop/yarn/hadoop-yarn-server-tests-2.7.3.jar:/home/ubuntu/hadoop/share/hadoop/yarn/hadoop-yarn-common-2.7.3.jar:/home/ubuntu/hadoop/share/hadoop/yarn/hadoop-yarn-server-common-2.7.3.jar:/home/ubuntu/hadoop/share/hadoop/yarn/hadoop-yarn-applications-distributedshell-2.7.3.jar:/home/ubuntu/hadoop/share/hadoop/yarn/hadoop-yarn-client-2.7.3.jar:/home/ubuntu/hadoop/share/hadoop/yarn/hadoop-yarn-server-resourcemanager-2.7.3.jar:/home/ubuntu/hadoop/share/hadoop/yarn/hadoop-yarn-server-applicationhistoryservice-2.7.3.jar:/home/ubuntu/hadoop/share/hadoop/yarn/hadoop-yarn-server-sharedcachemanager-2.7.3.jar:/home/ubuntu/hadoop/share/hadoop/yarn/hadoop-yarn-applications-unmanaged-am-launcher-2.7.3.jar:/home/ubuntu/hadoop/share/hadoop/mapreduce/lib/leveldbjni-all-1.8.jar:/home/ubuntu/hadoop/share/hadoop/mapreduce/lib/hamcrest-core-1.3.jar:/home/ubuntu/hadoop/share/hadoop/mapreduce/lib/avro-1.7.4.jar:/home/ubuntu/hadoop/share/hadoop/mapreduce/lib/jersey-guice-1.9.jar:/home/ubuntu/hadoop/share/hadoop/mapreduce/lib/guice-3.0.jar:/home/ubuntu/hadoop/share/hadoop/mapreduce/lib/paranamer-2.3.jar:/home/ubuntu/hadoop/share/hadoop/mapreduce/lib/guice-servlet-3.0.jar:/home/ubuntu/hadoop/share/hadoop/mapreduce/lib/commons-io-2.4.jar:/home/ubuntu/hadoop/share/hadoop/mapreduce/lib/asm-3.2.jar:/home/ubuntu/hadoop/share/hadoop/mapreduce/lib/aopalliance-1.0.jar:/home/ubuntu/hadoop/share/hadoop/mapreduce/lib/jackson-mapper-asl-1.9.13.jar:/home/ubuntu/hadoop/share/hadoop/mapreduce/lib/xz-1.0.jar:/home/ubuntu/hadoop/share/hadoop/mapreduce/lib/jersey-core-1.9.jar:/home/ubuntu/hadoop/share/hadoop/mapreduce/lib/javax.inject-1.jar:/home/ubuntu/hadoop/share/hadoop/mapreduce/lib/jersey-server-1.9.jar:/home/ubuntu/hadoop/share/hadoop/mapreduce/lib/hadoop-annotations-2.7.3.jar:/home/ubuntu/hadoop/share/hadoop/mapreduce/lib/snappy-java-1.0.4.1.jar:/home/ubuntu/hadoop/share/hadoop/mapreduce/lib/junit-4.11.jar:/home/ubuntu/hadoop/share/hadoop/mapreduce/lib/jackson-core-asl-1.9.13.jar:/home/ubuntu/hadoop/share/hadoop/mapreduce/lib/log4j-1.2.17.jar:/home/ubuntu/hadoop/share/hadoop/mapreduce/lib/protobuf-java-2.5.0.jar:/home/ubuntu/hadoop/share/hadoop/mapreduce/lib/commons-compress-1.4.1.jar:/home/ubuntu/hadoop/share/hadoop/mapreduce/lib/netty-3.6.2.Final.jar:/home/ubuntu/hadoop/share/hadoop/mapreduce/hadoop-mapreduce-client-shuffle-2.7.3.jar:/home/ubuntu/hadoop/share/hadoop/mapreduce/hadoop-mapreduce-client-app-2.7.3.jar:/home/ubuntu/hadoop/share/hadoop/mapreduce/hadoop-mapreduce-client-hs-2.7.3.jar:/home/ubuntu/hadoop/share/hadoop/mapreduce/hadoop-mapreduce-client-jobclient-2.7.3-tests.jar:/home/ubuntu/hadoop/share/hadoop/mapreduce/hadoop-mapreduce-examples-2.7.3.jar:/home/ubuntu/hadoop/share/hadoop/mapreduce/hadoop-mapreduce-client-hs-plugins-2.7.3.jar:/home/ubuntu/hadoop/share/hadoop/mapreduce/hadoop-mapreduce-client-common-2.7.3.jar:/home/ubuntu/hadoop/share/hadoop/mapreduce/hadoop-mapreduce-client-jobclient-2.7.3.jar:/home/ubuntu/hadoop/share/hadoop/mapreduce/hadoop-mapreduce-client-core-2.7.3.jar:/home/ubuntu/hadoop/contrib/capacity-scheduler/*.jar
STARTUP_MSG:   build = https://git-wip-us.apache.org/repos/asf/hadoop.git -r baa91f7c6bc9cb92be5982de4719c1c8af91ccff; compiled by 'root' on 2016-08-18T01:41Z
STARTUP_MSG:   java = 11.0.17
************************************************************/
23/01/12 09:12:23 INFO namenode.NameNode: registered UNIX signal handlers for [TERM, HUP, INT]
23/01/12 09:12:23 INFO namenode.NameNode: createNameNode []
23/01/12 09:12:24 INFO impl.MetricsConfig: loaded properties from hadoop-metrics2.properties
23/01/12 09:12:24 INFO impl.MetricsSystemImpl: Scheduled snapshot period at 10 second(s).
23/01/12 09:12:24 INFO impl.MetricsSystemImpl: NameNode metrics system started
23/01/12 09:12:24 INFO namenode.NameNode: fs.defaultFS is hdfs://localhost:9000
23/01/12 09:12:24 INFO namenode.NameNode: Clients are to use localhost:9000 to access this namenode/service.
WARNING: An illegal reflective access operation has occurred
WARNING: Illegal reflective access by org.apache.hadoop.security.authentication.util.KerberosUtil (file:/home/ubuntu/hadoop/share/hadoop/common/lib/hadoop-auth-2.7.3.jar) to method sun.security.krb5.Config.getInstance()
WARNING: Please consider reporting this to the maintainers of org.apache.hadoop.security.authentication.util.KerberosUtil
WARNING: Use --illegal-access=warn to enable warnings of further illegal reflective access operations
WARNING: All illegal access operations will be denied in a future release
23/01/12 09:12:24 INFO hdfs.DFSUtil: Starting Web-server for hdfs at: http://0.0.0.0:50070
23/01/12 09:12:24 INFO mortbay.log: Logging to org.slf4j.impl.Log4jLoggerAdapter(org.mortbay.log) via org.mortbay.log.Slf4jLog
23/01/12 09:12:24 INFO server.AuthenticationFilter: Unable to initialize FileSignerSecretProvider, falling back to use random secrets.
23/01/12 09:12:24 INFO http.HttpRequestLog: Http request log for http.requests.namenode is not defined
23/01/12 09:12:24 INFO http.HttpServer2: Added global filter 'safety' (class=org.apache.hadoop.http.HttpServer2$QuotingInputFilter)
23/01/12 09:12:24 INFO http.HttpServer2: Added filter static_user_filter (class=org.apache.hadoop.http.lib.StaticUserWebFilter$StaticUserFilter) to context hdfs
23/01/12 09:12:24 INFO http.HttpServer2: Added filter static_user_filter (class=org.apache.hadoop.http.lib.StaticUserWebFilter$StaticUserFilter) to context static
23/01/12 09:12:24 INFO http.HttpServer2: Added filter static_user_filter (class=org.apache.hadoop.http.lib.StaticUserWebFilter$StaticUserFilter) to context logs
23/01/12 09:12:25 INFO http.HttpServer2: Added filter 'org.apache.hadoop.hdfs.web.AuthFilter' (class=org.apache.hadoop.hdfs.web.AuthFilter)
23/01/12 09:12:25 INFO http.HttpServer2: addJerseyResourcePackage: packageName=org.apache.hadoop.hdfs.server.namenode.web.resources;org.apache.hadoop.hdfs.web.resources, pathSpec=/webhdfs/v1/*
23/01/12 09:12:25 INFO http.HttpServer2: Jetty bound to port 50070
23/01/12 09:12:25 INFO mortbay.log: jetty-6.1.26
23/01/12 09:12:25 INFO mortbay.log: Started HttpServer2$SelectChannelConnectorWithSafeStartup@0.0.0.0:50070
23/01/12 09:12:25 WARN common.Util: Path /home/ubuntu/data/data-namenode should be specified as a URI in configuration files. Please update hdfs configuration.
23/01/12 09:12:25 WARN common.Util: Path /home/ubuntu/data/data-namenode should be specified as a URI in configuration files. Please update hdfs configuration.
23/01/12 09:12:25 WARN namenode.FSNamesystem: Only one image storage directory (dfs.namenode.name.dir) configured. Beware of data loss due to lack of redundant storage directories!
23/01/12 09:12:25 WARN namenode.FSNamesystem: Only one namespace edits storage directory (dfs.namenode.edits.dir) configured. Beware of data loss due to lack of redundant storage directories!
23/01/12 09:12:25 WARN common.Util: Path /home/ubuntu/data/data-namenode should be specified as a URI in configuration files. Please update hdfs configuration.
23/01/12 09:12:25 WARN common.Util: Path /home/ubuntu/data/data-namenode should be specified as a URI in configuration files. Please update hdfs configuration.
23/01/12 09:12:25 INFO namenode.FSNamesystem: No KeyProvider found.
23/01/12 09:12:25 INFO namenode.FSNamesystem: fsLock is fair:true
23/01/12 09:12:25 INFO blockmanagement.DatanodeManager: dfs.block.invalidate.limit=1000
23/01/12 09:12:25 INFO blockmanagement.DatanodeManager: dfs.namenode.datanode.registration.ip-hostname-check=true
23/01/12 09:12:25 INFO blockmanagement.BlockManager: dfs.namenode.startup.delay.block.deletion.sec is set to 000:00:00:00.000
23/01/12 09:12:25 INFO blockmanagement.BlockManager: The block deletion will start around 2023 Jan 12 09:12:25
23/01/12 09:12:25 INFO util.GSet: Computing capacity for map BlocksMap
23/01/12 09:12:25 INFO util.GSet: VM type       = 64-bit
23/01/12 09:12:25 INFO util.GSet: 2.0% max memory 1000 MB = 20 MB
23/01/12 09:12:25 INFO util.GSet: capacity      = 2^21 = 2097152 entries
23/01/12 09:12:25 INFO blockmanagement.BlockManager: dfs.block.access.token.enable=false
23/01/12 09:12:25 INFO blockmanagement.BlockManager: defaultReplication         = 1
23/01/12 09:12:25 INFO blockmanagement.BlockManager: maxReplication             = 512
23/01/12 09:12:25 INFO blockmanagement.BlockManager: minReplication             = 1
23/01/12 09:12:25 INFO blockmanagement.BlockManager: maxReplicationStreams      = 2
23/01/12 09:12:25 INFO blockmanagement.BlockManager: replicationRecheckInterval = 3000
23/01/12 09:12:25 INFO blockmanagement.BlockManager: encryptDataTransfer        = false
23/01/12 09:12:25 INFO blockmanagement.BlockManager: maxNumBlocksToLog          = 1000
23/01/12 09:12:25 INFO namenode.FSNamesystem: fsOwner             = ubuntu (auth:SIMPLE)
23/01/12 09:12:25 INFO namenode.FSNamesystem: supergroup          = supergroup
23/01/12 09:12:25 INFO namenode.FSNamesystem: isPermissionEnabled = true
23/01/12 09:12:25 INFO namenode.FSNamesystem: HA Enabled: false
23/01/12 09:12:25 INFO namenode.FSNamesystem: Append Enabled: true
23/01/12 09:12:25 INFO util.GSet: Computing capacity for map INodeMap
23/01/12 09:12:25 INFO util.GSet: VM type       = 64-bit
23/01/12 09:12:25 INFO util.GSet: 1.0% max memory 1000 MB = 10 MB
23/01/12 09:12:25 INFO util.GSet: capacity      = 2^20 = 1048576 entries
23/01/12 09:12:25 INFO namenode.FSDirectory: ACLs enabled? false
23/01/12 09:12:25 INFO namenode.FSDirectory: XAttrs enabled? true
23/01/12 09:12:25 INFO namenode.FSDirectory: Maximum size of an xattr: 16384
23/01/12 09:12:25 INFO namenode.NameNode: Caching file names occuring more than 10 times
23/01/12 09:12:25 INFO util.GSet: Computing capacity for map cachedBlocks
23/01/12 09:12:25 INFO util.GSet: VM type       = 64-bit
23/01/12 09:12:25 INFO util.GSet: 0.25% max memory 1000 MB = 2.5 MB
23/01/12 09:12:25 INFO util.GSet: capacity      = 2^18 = 262144 entries
23/01/12 09:12:25 INFO namenode.FSNamesystem: dfs.namenode.safemode.threshold-pct = 0.9990000128746033
23/01/12 09:12:25 INFO namenode.FSNamesystem: dfs.namenode.safemode.min.datanodes = 0
23/01/12 09:12:25 INFO namenode.FSNamesystem: dfs.namenode.safemode.extension     = 30000
23/01/12 09:12:25 INFO metrics.TopMetrics: NNTop conf: dfs.namenode.top.window.num.buckets = 10
23/01/12 09:12:25 INFO metrics.TopMetrics: NNTop conf: dfs.namenode.top.num.users = 10
23/01/12 09:12:25 INFO metrics.TopMetrics: NNTop conf: dfs.namenode.top.windows.minutes = 1,5,25
23/01/12 09:12:25 INFO namenode.FSNamesystem: Retry cache on namenode is enabled
23/01/12 09:12:25 INFO namenode.FSNamesystem: Retry cache will use 0.03 of total heap and retry cache entry expiry time is 600000 millis
23/01/12 09:12:25 INFO util.GSet: Computing capacity for map NameNodeRetryCache
23/01/12 09:12:25 INFO util.GSet: VM type       = 64-bit
23/01/12 09:12:25 INFO util.GSet: 0.029999999329447746% max memory 1000 MB = 307.2 KB
23/01/12 09:12:25 INFO util.GSet: capacity      = 2^15 = 32768 entries
23/01/12 09:12:25 INFO common.Storage: Lock on /home/ubuntu/data/data-namenode/in_use.lock acquired by nodename 1372@ip-172-31-17-230
23/01/12 09:12:25 INFO namenode.FileJournalManager: Recovering unfinalized segments in /home/ubuntu/data/data-namenode/current
23/01/12 09:12:25 INFO namenode.FileJournalManager: Finalizing edits file /home/ubuntu/data/data-namenode/current/edits_inprogress_0000000000000000224 -> /home/ubuntu/data/data-namenode/current/edits_0000000000000000224-0000000000000000224
23/01/12 09:12:25 INFO namenode.FSImage: Planning to load image: FSImageFile(file=/home/ubuntu/data/data-namenode/current/fsimage_0000000000000000223, cpktTxId=0000000000000000223)
23/01/12 09:12:25 INFO namenode.FSImageFormatPBINode: Loading 24 INodes.
23/01/12 09:12:25 INFO namenode.FSImageFormatProtobuf: Loaded FSImage in 0 seconds.
23/01/12 09:12:25 INFO namenode.FSImage: Loaded image for txid 223 from /home/ubuntu/data/data-namenode/current/fsimage_0000000000000000223
23/01/12 09:12:25 INFO namenode.FSImage: Reading org.apache.hadoop.hdfs.server.namenode.RedundantEditLogInputStream@40620d8e expecting start txid #224
23/01/12 09:12:25 INFO namenode.FSImage: Start loading edits file /home/ubuntu/data/data-namenode/current/edits_0000000000000000224-0000000000000000224
23/01/12 09:12:25 INFO namenode.EditLogInputStream: Fast-forwarding stream '/home/ubuntu/data/data-namenode/current/edits_0000000000000000224-0000000000000000224' to transaction ID 224
23/01/12 09:12:25 INFO namenode.FSImage: Edits file /home/ubuntu/data/data-namenode/current/edits_0000000000000000224-0000000000000000224 of size 1048576 edits # 1 loaded in 0 seconds
23/01/12 09:12:25 INFO namenode.FSNamesystem: Need to save fs image? true (staleImage=true, haEnabled=false, isRollingUpgrade=false)
23/01/12 09:12:25 INFO namenode.FSImage: Save namespace ...
23/01/12 09:12:25 INFO namenode.FSImageFormatProtobuf: Saving image file /home/ubuntu/data/data-namenode/current/fsimage.ckpt_0000000000000000224 using no compression
23/01/12 09:12:25 INFO namenode.FSImageFormatProtobuf: Image file /home/ubuntu/data/data-namenode/current/fsimage.ckpt_0000000000000000224 of size 2254 bytes saved in 0 seconds.
23/01/12 09:12:25 INFO namenode.NNStorageRetentionManager: Going to retain 2 images with txid >= 223
23/01/12 09:12:25 INFO namenode.NNStorageRetentionManager: Purging old image FSImageFile(file=/home/ubuntu/data/data-namenode/current/fsimage_0000000000000000221, cpktTxId=0000000000000000221)
23/01/12 09:12:25 INFO namenode.FSEditLog: Starting log segment at 225
23/01/12 09:12:25 INFO namenode.NameCache: initialized with 0 entries 0 lookups
23/01/12 09:12:25 INFO namenode.FSNamesystem: Finished loading FSImage in 436 msecs
23/01/12 09:12:26 INFO namenode.NameNode: RPC server is binding to localhost:9000
23/01/12 09:12:26 INFO ipc.CallQueueManager: Using callQueue class java.util.concurrent.LinkedBlockingQueue
23/01/12 09:12:26 INFO ipc.Server: Starting Socket Reader #1 for port 9000
23/01/12 09:12:26 INFO namenode.FSNamesystem: Registered FSNamesystemState MBean
23/01/12 09:12:26 WARN common.Util: Path /home/ubuntu/data/data-namenode should be specified as a URI in configuration files. Please update hdfs configuration.
23/01/12 09:12:26 INFO namenode.LeaseManager: Number of blocks under construction: 0
23/01/12 09:12:26 INFO namenode.LeaseManager: Number of blocks under construction: 0
23/01/12 09:12:26 INFO hdfs.StateChange: STATE* Safe mode ON. 
The reported blocks 0 needs additional 10 blocks to reach the threshold 0.9990 of total blocks 10.
The number of live datanodes 0 has reached the minimum number 0. Safe mode will be turned off automatically once the thresholds have been reached.
23/01/12 09:12:26 INFO blockmanagement.DatanodeDescriptor: Number of failed storage changes from 0 to 0
23/01/12 09:12:26 INFO namenode.NameNode: NameNode RPC up at: localhost/127.0.0.1:9000
23/01/12 09:12:26 INFO namenode.FSNamesystem: Starting services required for active state
23/01/12 09:12:26 INFO ipc.Server: IPC Server Responder: starting
23/01/12 09:12:26 INFO ipc.Server: IPC Server listener on 9000: starting
23/01/12 09:12:26 INFO blockmanagement.CacheReplicationMonitor: Starting CacheReplicationMonitor with interval 30000 milliseconds
23/01/12 09:12:37 INFO hdfs.StateChange: BLOCK* registerDatanode: from DatanodeRegistration(127.0.0.1:50010, datanodeUuid=05b5b71e-db73-4393-aaaa-166b0fd263d8, infoPort=50075, infoSecurePort=0, ipcPort=50020, storageInfo=lv=-56;cid=CID-a278f104-fea3-40fd-9bfa-bde9f6015c24;nsid=688373179;c=0) storage 05b5b71e-db73-4393-aaaa-166b0fd263d8
23/01/12 09:12:37 INFO blockmanagement.DatanodeDescriptor: Number of failed storage changes from 0 to 0
23/01/12 09:12:37 INFO net.NetworkTopology: Adding a new node: /default-rack/127.0.0.1:50010
23/01/12 09:12:37 INFO blockmanagement.DatanodeDescriptor: Number of failed storage changes from 0 to 0
23/01/12 09:12:37 INFO blockmanagement.DatanodeDescriptor: Adding new storage ID DS-6379e533-8930-4b01-9ec1-f0a625efdb01 for DN 127.0.0.1:50010
23/01/12 09:12:37 INFO BlockStateChange: BLOCK* processReport: from storage DS-6379e533-8930-4b01-9ec1-f0a625efdb01 node DatanodeRegistration(127.0.0.1:50010, datanodeUuid=05b5b71e-db73-4393-aaaa-166b0fd263d8, infoPort=50075, infoSecurePort=0, ipcPort=50020, storageInfo=lv=-56;cid=CID-a278f104-fea3-40fd-9bfa-bde9f6015c24;nsid=688373179;c=0), blocks: 6, hasStaleStorage: false, processing time: 5 msecs
23/01/12 09:12:41 INFO hdfs.StateChange: BLOCK* registerDatanode: from DatanodeRegistration(127.0.0.1:50012, datanodeUuid=5227a330-573a-406c-9ad2-12c2b359f33c, infoPort=50076, infoSecurePort=0, ipcPort=50021, storageInfo=lv=-56;cid=CID-a278f104-fea3-40fd-9bfa-bde9f6015c24;nsid=688373179;c=0) storage 5227a330-573a-406c-9ad2-12c2b359f33c
23/01/12 09:12:41 INFO blockmanagement.DatanodeDescriptor: Number of failed storage changes from 0 to 0
23/01/12 09:12:41 INFO net.NetworkTopology: Adding a new node: /default-rack/127.0.0.1:50012
23/01/12 09:12:41 INFO blockmanagement.DatanodeDescriptor: Number of failed storage changes from 0 to 0
23/01/12 09:12:41 INFO blockmanagement.DatanodeDescriptor: Adding new storage ID DS-35fe98df-21d3-4a14-9902-8b2f7e536cd9 for DN 127.0.0.1:50012
23/01/12 09:12:41 INFO hdfs.StateChange: STATE* Safe mode extension entered. 
The reported blocks 9 has reached the threshold 0.9990 of total blocks 10. The number of live datanodes 2 has reached the minimum number 0. In safe mode extension. Safe mode will be turned off automatically in 30 seconds.
23/01/12 09:12:41 INFO namenode.FSNamesystem: initializing replication queues
23/01/12 09:12:41 INFO BlockStateChange: BLOCK* processReport: from storage DS-35fe98df-21d3-4a14-9902-8b2f7e536cd9 node DatanodeRegistration(127.0.0.1:50012, datanodeUuid=5227a330-573a-406c-9ad2-12c2b359f33c, infoPort=50076, infoSecurePort=0, ipcPort=50021, storageInfo=lv=-56;cid=CID-a278f104-fea3-40fd-9bfa-bde9f6015c24;nsid=688373179;c=0), blocks: 4, hasStaleStorage: false, processing time: 3 msecs
23/01/12 09:12:41 INFO blockmanagement.BlockManager: Total number of blocks            = 10
23/01/12 09:12:41 INFO blockmanagement.BlockManager: Number of invalid blocks          = 0
23/01/12 09:12:41 INFO blockmanagement.BlockManager: Number of under-replicated blocks = 0
23/01/12 09:12:41 INFO blockmanagement.BlockManager: Number of  over-replicated blocks = 0
23/01/12 09:12:41 INFO blockmanagement.BlockManager: Number of blocks being written    = 0
23/01/12 09:12:41 INFO hdfs.StateChange: STATE* Replication Queue initialization scan for invalid, over- and under-replicated blocks completed in 8 msec
23/01/12 09:13:01 INFO hdfs.StateChange: STATE* Safe mode ON, in safe mode extension. 
The reported blocks 10 has reached the threshold 0.9990 of total blocks 10. The number of live datanodes 2 has reached the minimum number 0. In safe mode extension. Safe mode will be turned off automatically in 9 seconds.
23/01/12 09:13:11 INFO hdfs.StateChange: STATE* Leaving safe mode after 46 secs
23/01/12 09:13:11 INFO hdfs.StateChange: STATE* Safe mode is OFF
23/01/12 09:13:11 INFO hdfs.StateChange: STATE* Network topology has 1 racks and 2 datanodes
23/01/12 09:13:11 INFO hdfs.StateChange: STATE* UnderReplicatedBlocks has 0 blocks
Jan 12, 2023 9:13:18 AM com.sun.jersey.api.core.PackagesResourceConfig init
INFO: Scanning for root resource and provider classes in the packages:
  org.apache.hadoop.hdfs.server.namenode.web.resources
  org.apache.hadoop.hdfs.web.resources
Jan 12, 2023 9:13:19 AM com.sun.jersey.api.core.ScanningResourceConfig logClasses
INFO: Root resource classes found:
  class org.apache.hadoop.hdfs.server.namenode.web.resources.NamenodeWebHdfsMethods
Jan 12, 2023 9:13:19 AM com.sun.jersey.api.core.ScanningResourceConfig logClasses
INFO: Provider classes found:
  class org.apache.hadoop.hdfs.web.resources.UserProvider
  class org.apache.hadoop.hdfs.web.resources.ExceptionHandler
Jan 12, 2023 9:13:19 AM com.sun.jersey.server.impl.application.WebApplicationImpl _initiate
INFO: Initiating Jersey application, version 'Jersey: 1.9 09/02/2011 11:17 AM'
Jan 12, 2023 9:13:20 AM com.sun.jersey.spi.inject.Errors processErrorMessages
WARNING: The following warnings have been detected with resource and/or provider classes:
  WARNING: A sub-resource method, public javax.ws.rs.core.Response org.apache.hadoop.hdfs.server.namenode.web.resources.NamenodeWebHdfsMethods.getRoot(org.apache.hadoop.security.UserGroupInformation,org.apache.hadoop.hdfs.web.resources.DelegationParam,org.apache.hadoop.hdfs.web.resources.UserParam,org.apache.hadoop.hdfs.web.resources.DoAsParam,org.apache.hadoop.hdfs.web.resources.GetOpParam,org.apache.hadoop.hdfs.web.resources.OffsetParam,org.apache.hadoop.hdfs.web.resources.LengthParam,org.apache.hadoop.hdfs.web.resources.RenewerParam,org.apache.hadoop.hdfs.web.resources.BufferSizeParam,java.util.List,org.apache.hadoop.hdfs.web.resources.XAttrEncodingParam,org.apache.hadoop.hdfs.web.resources.ExcludeDatanodesParam,org.apache.hadoop.hdfs.web.resources.FsActionParam,org.apache.hadoop.hdfs.web.resources.TokenKindParam,org.apache.hadoop.hdfs.web.resources.TokenServiceParam) throws java.io.IOException,java.lang.InterruptedException, with URI template, "/", is treated as a resource method
  WARNING: A sub-resource method, public javax.ws.rs.core.Response org.apache.hadoop.hdfs.server.namenode.web.resources.NamenodeWebHdfsMethods.putRoot(org.apache.hadoop.security.UserGroupInformation,org.apache.hadoop.hdfs.web.resources.DelegationParam,org.apache.hadoop.hdfs.web.resources.UserParam,org.apache.hadoop.hdfs.web.resources.DoAsParam,org.apache.hadoop.hdfs.web.resources.PutOpParam,org.apache.hadoop.hdfs.web.resources.DestinationParam,org.apache.hadoop.hdfs.web.resources.OwnerParam,org.apache.hadoop.hdfs.web.resources.GroupParam,org.apache.hadoop.hdfs.web.resources.PermissionParam,org.apache.hadoop.hdfs.web.resources.OverwriteParam,org.apache.hadoop.hdfs.web.resources.BufferSizeParam,org.apache.hadoop.hdfs.web.resources.ReplicationParam,org.apache.hadoop.hdfs.web.resources.BlockSizeParam,org.apache.hadoop.hdfs.web.resources.ModificationTimeParam,org.apache.hadoop.hdfs.web.resources.AccessTimeParam,org.apache.hadoop.hdfs.web.resources.RenameOptionSetParam,org.apache.hadoop.hdfs.web.resources.CreateParentParam,org.apache.hadoop.hdfs.web.resources.TokenArgumentParam,org.apache.hadoop.hdfs.web.resources.AclPermissionParam,org.apache.hadoop.hdfs.web.resources.XAttrNameParam,org.apache.hadoop.hdfs.web.resources.XAttrValueParam,org.apache.hadoop.hdfs.web.resources.XAttrSetFlagParam,org.apache.hadoop.hdfs.web.resources.SnapshotNameParam,org.apache.hadoop.hdfs.web.resources.OldSnapshotNameParam,org.apache.hadoop.hdfs.web.resources.ExcludeDatanodesParam) throws java.io.IOException,java.lang.InterruptedException, with URI template, "/", is treated as a resource method
  WARNING: A sub-resource method, public javax.ws.rs.core.Response org.apache.hadoop.hdfs.server.namenode.web.resources.NamenodeWebHdfsMethods.postRoot(org.apache.hadoop.security.UserGroupInformation,org.apache.hadoop.hdfs.web.resources.DelegationParam,org.apache.hadoop.hdfs.web.resources.UserParam,org.apache.hadoop.hdfs.web.resources.DoAsParam,org.apache.hadoop.hdfs.web.resources.PostOpParam,org.apache.hadoop.hdfs.web.resources.ConcatSourcesParam,org.apache.hadoop.hdfs.web.resources.BufferSizeParam,org.apache.hadoop.hdfs.web.resources.ExcludeDatanodesParam,org.apache.hadoop.hdfs.web.resources.NewLengthParam) throws java.io.IOException,java.lang.InterruptedException, with URI template, "/", is treated as a resource method
  WARNING: A sub-resource method, public javax.ws.rs.core.Response org.apache.hadoop.hdfs.server.namenode.web.resources.NamenodeWebHdfsMethods.deleteRoot(org.apache.hadoop.security.UserGroupInformation,org.apache.hadoop.hdfs.web.resources.DelegationParam,org.apache.hadoop.hdfs.web.resources.UserParam,org.apache.hadoop.hdfs.web.resources.DoAsParam,org.apache.hadoop.hdfs.web.resources.DeleteOpParam,org.apache.hadoop.hdfs.web.resources.RecursiveParam,org.apache.hadoop.hdfs.web.resources.SnapshotNameParam) throws java.io.IOException,java.lang.InterruptedException, with URI template, "/", is treated as a resource method
23/01/12 09:13:45 INFO window.RollingWindowManager: topN size for command getfileinfo is: 2
23/01/12 09:13:45 INFO window.RollingWindowManager: topN size for command listStatus is: 1
23/01/12 09:13:45 INFO window.RollingWindowManager: topN size for command * is: 2
23/01/12 09:13:45 INFO window.RollingWindowManager: topN size for command open is: 1
23/01/12 09:13:45 INFO window.RollingWindowManager: topN size for command getfileinfo is: 2
23/01/12 09:13:45 INFO window.RollingWindowManager: topN size for command listStatus is: 1
23/01/12 09:13:45 INFO window.RollingWindowManager: topN size for command * is: 2
23/01/12 09:13:45 INFO window.RollingWindowManager: topN size for command open is: 1
23/01/12 09:13:45 INFO window.RollingWindowManager: topN size for command getfileinfo is: 2
23/01/12 09:13:45 INFO window.RollingWindowManager: topN size for command listStatus is: 1
23/01/12 09:13:45 INFO window.RollingWindowManager: topN size for command * is: 2
23/01/12 09:13:45 INFO window.RollingWindowManager: topN size for command open is: 1
23/01/12 09:15:21 INFO window.RollingWindowManager: topN size for command getfileinfo is: 1
23/01/12 09:15:21 INFO window.RollingWindowManager: topN size for command listStatus is: 0
23/01/12 09:15:21 INFO window.RollingWindowManager: topN size for command * is: 1
23/01/12 09:15:21 INFO window.RollingWindowManager: topN size for command open is: 0
23/01/12 09:15:21 INFO window.RollingWindowManager: topN size for command getfileinfo is: 2
23/01/12 09:15:21 INFO window.RollingWindowManager: topN size for command listStatus is: 1
23/01/12 09:15:21 INFO window.RollingWindowManager: topN size for command * is: 2
23/01/12 09:15:21 INFO window.RollingWindowManager: topN size for command open is: 1
23/01/12 09:15:21 INFO window.RollingWindowManager: topN size for command getfileinfo is: 2
23/01/12 09:15:21 INFO window.RollingWindowManager: topN size for command listStatus is: 1
23/01/12 09:15:21 INFO window.RollingWindowManager: topN size for command * is: 2
23/01/12 09:15:21 INFO window.RollingWindowManager: topN size for command open is: 1
23/01/12 09:17:07 INFO window.RollingWindowManager: topN size for command getfileinfo is: 0
23/01/12 09:17:07 INFO window.RollingWindowManager: topN size for command listStatus is: 1
23/01/12 09:17:07 INFO window.RollingWindowManager: topN size for command * is: 1
23/01/12 09:17:07 INFO window.RollingWindowManager: topN size for command open is: 0
23/01/12 09:17:07 INFO window.RollingWindowManager: topN size for command getfileinfo is: 2
23/01/12 09:17:07 INFO window.RollingWindowManager: topN size for command listStatus is: 1
23/01/12 09:17:07 INFO window.RollingWindowManager: topN size for command * is: 2
23/01/12 09:17:07 INFO window.RollingWindowManager: topN size for command open is: 1
23/01/12 09:17:07 INFO window.RollingWindowManager: topN size for command getfileinfo is: 2
23/01/12 09:17:07 INFO window.RollingWindowManager: topN size for command listStatus is: 1
23/01/12 09:17:07 INFO window.RollingWindowManager: topN size for command * is: 2
23/01/12 09:17:07 INFO window.RollingWindowManager: topN size for command open is: 1
23/01/12 09:17:33 INFO window.RollingWindowManager: topN size for command getfileinfo is: 0
23/01/12 09:17:33 INFO window.RollingWindowManager: topN size for command listStatus is: 1
23/01/12 09:17:33 INFO window.RollingWindowManager: topN size for command * is: 1
23/01/12 09:17:33 INFO window.RollingWindowManager: topN size for command open is: 0
23/01/12 09:17:33 INFO window.RollingWindowManager: topN size for command getfileinfo is: 2
23/01/12 09:17:33 INFO window.RollingWindowManager: topN size for command listStatus is: 1
23/01/12 09:17:33 INFO window.RollingWindowManager: topN size for command * is: 2
23/01/12 09:17:33 INFO window.RollingWindowManager: topN size for command open is: 1
23/01/12 09:17:33 INFO window.RollingWindowManager: topN size for command getfileinfo is: 2
23/01/12 09:17:33 INFO window.RollingWindowManager: topN size for command listStatus is: 1
23/01/12 09:17:33 INFO window.RollingWindowManager: topN size for command * is: 2
23/01/12 09:17:33 INFO window.RollingWindowManager: topN size for command open is: 1
23/01/12 09:19:40 INFO namenode.FSEditLog: Number of transactions: 4 Total time for transactions(ms): 6 Number of transactions batched in Syncs: 0 Number of syncs: 2 SyncTimes(ms): 9 
23/01/12 09:19:40 INFO BlockStateChange: BLOCK* addToInvalidates: blk_1073741833_1009 127.0.0.1:50010 
23/01/12 09:19:41 INFO BlockStateChange: BLOCK* BlockManager: ask 127.0.0.1:50010 to delete [blk_1073741833_1009]
23/01/12 09:22:17 INFO namenode.FSEditLog: Number of transactions: 5 Total time for transactions(ms): 7 Number of transactions batched in Syncs: 0 Number of syncs: 3 SyncTimes(ms): 10 
23/01/12 09:22:17 INFO BlockStateChange: BLOCK* addToInvalidates: blk_1073741845_1021 127.0.0.1:50010 
23/01/12 09:22:17 INFO BlockStateChange: BLOCK* BlockManager: ask 127.0.0.1:50010 to delete [blk_1073741845_1021]
23/01/12 09:27:16 INFO namenode.FSEditLog: Number of transactions: 6 Total time for transactions(ms): 29 Number of transactions batched in Syncs: 0 Number of syncs: 4 SyncTimes(ms): 11 
23/01/12 09:27:16 INFO hdfs.StateChange: BLOCK* allocate blk_1073741849_1025{UCState=UNDER_CONSTRUCTION, truncateBlock=null, primaryNodeIndex=-1, replicas=[ReplicaUC[[DISK]DS-6379e533-8930-4b01-9ec1-f0a625efdb01:NORMAL:127.0.0.1:50010|RBW]]} for /tmp/hadoop-yarn/staging/ubuntu/.staging/job_1673515610637_0001/files/mapper.py
23/01/12 09:27:16 INFO namenode.FSNamesystem: BLOCK* blk_1073741849_1025{UCState=COMMITTED, truncateBlock=null, primaryNodeIndex=-1, replicas=[ReplicaUC[[DISK]DS-6379e533-8930-4b01-9ec1-f0a625efdb01:NORMAL:127.0.0.1:50010|RBW]]} is not COMPLETE (ucState = COMMITTED, replication# = 0 <  minimum = 1) in file /tmp/hadoop-yarn/staging/ubuntu/.staging/job_1673515610637_0001/files/mapper.py
23/01/12 09:27:16 INFO namenode.EditLogFileOutputStream: Nothing to flush
23/01/12 09:27:16 INFO BlockStateChange: BLOCK* addStoredBlock: blockMap updated: 127.0.0.1:50010 is added to blk_1073741849_1025{UCState=COMMITTED, truncateBlock=null, primaryNodeIndex=-1, replicas=[ReplicaUC[[DISK]DS-6379e533-8930-4b01-9ec1-f0a625efdb01:NORMAL:127.0.0.1:50010|RBW]]} size 160
23/01/12 09:27:17 INFO hdfs.StateChange: DIR* completeFile: /tmp/hadoop-yarn/staging/ubuntu/.staging/job_1673515610637_0001/files/mapper.py is closed by DFSClient_NONMAPREDUCE_247505923_1
23/01/12 09:27:17 INFO blockmanagement.BlockManager: Increasing replication from 1 to 10 for /tmp/hadoop-yarn/staging/ubuntu/.staging/job_1673515610637_0001/files/mapper.py
23/01/12 09:27:17 INFO hdfs.StateChange: BLOCK* allocate blk_1073741850_1026{UCState=UNDER_CONSTRUCTION, truncateBlock=null, primaryNodeIndex=-1, replicas=[ReplicaUC[[DISK]DS-35fe98df-21d3-4a14-9902-8b2f7e536cd9:NORMAL:127.0.0.1:50012|RBW]]} for /tmp/hadoop-yarn/staging/ubuntu/.staging/job_1673515610637_0001/files/reducer.py
23/01/12 09:27:17 INFO BlockStateChange: BLOCK* ask 127.0.0.1:50010 to replicate blk_1073741849_1025 to datanode(s) 127.0.0.1:50012
23/01/12 09:27:17 INFO namenode.FSNamesystem: BLOCK* blk_1073741850_1026{UCState=COMMITTED, truncateBlock=null, primaryNodeIndex=-1, replicas=[ReplicaUC[[DISK]DS-35fe98df-21d3-4a14-9902-8b2f7e536cd9:NORMAL:127.0.0.1:50012|RBW]]} is not COMPLETE (ucState = COMMITTED, replication# = 0 <  minimum = 1) in file /tmp/hadoop-yarn/staging/ubuntu/.staging/job_1673515610637_0001/files/reducer.py
23/01/12 09:27:17 INFO BlockStateChange: BLOCK* addStoredBlock: blockMap updated: 127.0.0.1:50012 is added to blk_1073741850_1026{UCState=COMMITTED, truncateBlock=null, primaryNodeIndex=-1, replicas=[ReplicaUC[[DISK]DS-35fe98df-21d3-4a14-9902-8b2f7e536cd9:NORMAL:127.0.0.1:50012|RBW]]} size 352
23/01/12 09:27:17 INFO hdfs.StateChange: DIR* completeFile: /tmp/hadoop-yarn/staging/ubuntu/.staging/job_1673515610637_0001/files/reducer.py is closed by DFSClient_NONMAPREDUCE_247505923_1
23/01/12 09:27:17 INFO blockmanagement.BlockManager: Increasing replication from 1 to 10 for /tmp/hadoop-yarn/staging/ubuntu/.staging/job_1673515610637_0001/files/reducer.py
23/01/12 09:27:17 INFO hdfs.StateChange: BLOCK* allocate blk_1073741851_1027{UCState=UNDER_CONSTRUCTION, truncateBlock=null, primaryNodeIndex=-1, replicas=[ReplicaUC[[DISK]DS-35fe98df-21d3-4a14-9902-8b2f7e536cd9:NORMAL:127.0.0.1:50012|RBW]]} for /tmp/hadoop-yarn/staging/ubuntu/.staging/job_1673515610637_0001/job.jar
23/01/12 09:27:17 INFO BlockStateChange: BLOCK* addStoredBlock: blockMap updated: 127.0.0.1:50012 is added to blk_1073741851_1027{UCState=UNDER_CONSTRUCTION, truncateBlock=null, primaryNodeIndex=-1, replicas=[ReplicaUC[[DISK]DS-35fe98df-21d3-4a14-9902-8b2f7e536cd9:NORMAL:127.0.0.1:50012|RBW]]} size 0
23/01/12 09:27:17 INFO hdfs.StateChange: DIR* completeFile: /tmp/hadoop-yarn/staging/ubuntu/.staging/job_1673515610637_0001/job.jar is closed by DFSClient_NONMAPREDUCE_247505923_1
23/01/12 09:27:17 INFO blockmanagement.BlockManager: Increasing replication from 1 to 10 for /tmp/hadoop-yarn/staging/ubuntu/.staging/job_1673515610637_0001/job.jar
23/01/12 09:27:17 INFO blockmanagement.BlockManager: Increasing replication from 1 to 10 for /tmp/hadoop-yarn/staging/ubuntu/.staging/job_1673515610637_0001/job.split
23/01/12 09:27:17 INFO hdfs.StateChange: BLOCK* allocate blk_1073741852_1028{UCState=UNDER_CONSTRUCTION, truncateBlock=null, primaryNodeIndex=-1, replicas=[ReplicaUC[[DISK]DS-35fe98df-21d3-4a14-9902-8b2f7e536cd9:NORMAL:127.0.0.1:50012|RBW], ReplicaUC[[DISK]DS-6379e533-8930-4b01-9ec1-f0a625efdb01:NORMAL:127.0.0.1:50010|RBW]]} for /tmp/hadoop-yarn/staging/ubuntu/.staging/job_1673515610637_0001/job.split
23/01/12 09:27:17 INFO BlockStateChange: BLOCK* addStoredBlock: blockMap updated: 127.0.0.1:50010 is added to blk_1073741852_1028{UCState=UNDER_CONSTRUCTION, truncateBlock=null, primaryNodeIndex=-1, replicas=[ReplicaUC[[DISK]DS-35fe98df-21d3-4a14-9902-8b2f7e536cd9:NORMAL:127.0.0.1:50012|RBW], ReplicaUC[[DISK]DS-6379e533-8930-4b01-9ec1-f0a625efdb01:NORMAL:127.0.0.1:50010|RBW]]} size 0
23/01/12 09:27:17 INFO BlockStateChange: BLOCK* addStoredBlock: blockMap updated: 127.0.0.1:50012 is added to blk_1073741852_1028{UCState=UNDER_CONSTRUCTION, truncateBlock=null, primaryNodeIndex=-1, replicas=[ReplicaUC[[DISK]DS-35fe98df-21d3-4a14-9902-8b2f7e536cd9:NORMAL:127.0.0.1:50012|RBW], ReplicaUC[[DISK]DS-6379e533-8930-4b01-9ec1-f0a625efdb01:NORMAL:127.0.0.1:50010|RBW]]} size 0
23/01/12 09:27:17 INFO hdfs.StateChange: DIR* completeFile: /tmp/hadoop-yarn/staging/ubuntu/.staging/job_1673515610637_0001/job.split is closed by DFSClient_NONMAPREDUCE_247505923_1
23/01/12 09:27:17 INFO hdfs.StateChange: BLOCK* allocate blk_1073741853_1029{UCState=UNDER_CONSTRUCTION, truncateBlock=null, primaryNodeIndex=-1, replicas=[ReplicaUC[[DISK]DS-35fe98df-21d3-4a14-9902-8b2f7e536cd9:NORMAL:127.0.0.1:50012|RBW]]} for /tmp/hadoop-yarn/staging/ubuntu/.staging/job_1673515610637_0001/job.splitmetainfo
23/01/12 09:27:17 INFO namenode.FSNamesystem: BLOCK* blk_1073741853_1029{UCState=COMMITTED, truncateBlock=null, primaryNodeIndex=-1, replicas=[ReplicaUC[[DISK]DS-35fe98df-21d3-4a14-9902-8b2f7e536cd9:NORMAL:127.0.0.1:50012|RBW]]} is not COMPLETE (ucState = COMMITTED, replication# = 0 <  minimum = 1) in file /tmp/hadoop-yarn/staging/ubuntu/.staging/job_1673515610637_0001/job.splitmetainfo
23/01/12 09:27:17 INFO BlockStateChange: BLOCK* addStoredBlock: blockMap updated: 127.0.0.1:50012 is added to blk_1073741853_1029{UCState=COMMITTED, truncateBlock=null, primaryNodeIndex=-1, replicas=[ReplicaUC[[DISK]DS-35fe98df-21d3-4a14-9902-8b2f7e536cd9:NORMAL:127.0.0.1:50012|RBW]]} size 110
23/01/12 09:27:18 INFO hdfs.StateChange: DIR* completeFile: /tmp/hadoop-yarn/staging/ubuntu/.staging/job_1673515610637_0001/job.splitmetainfo is closed by DFSClient_NONMAPREDUCE_247505923_1
23/01/12 09:27:18 INFO hdfs.StateChange: BLOCK* allocate blk_1073741854_1030{UCState=UNDER_CONSTRUCTION, truncateBlock=null, primaryNodeIndex=-1, replicas=[ReplicaUC[[DISK]DS-35fe98df-21d3-4a14-9902-8b2f7e536cd9:NORMAL:127.0.0.1:50012|RBW]]} for /tmp/hadoop-yarn/staging/ubuntu/.staging/job_1673515610637_0001/job.xml
23/01/12 09:27:18 INFO BlockStateChange: BLOCK* addStoredBlock: blockMap updated: 127.0.0.1:50012 is added to blk_1073741854_1030{UCState=UNDER_CONSTRUCTION, truncateBlock=null, primaryNodeIndex=-1, replicas=[ReplicaUC[[DISK]DS-35fe98df-21d3-4a14-9902-8b2f7e536cd9:NORMAL:127.0.0.1:50012|RBW]]} size 0
23/01/12 09:27:18 INFO hdfs.StateChange: DIR* completeFile: /tmp/hadoop-yarn/staging/ubuntu/.staging/job_1673515610637_0001/job.xml is closed by DFSClient_NONMAPREDUCE_247505923_1
23/01/12 09:27:19 INFO BlockStateChange: BLOCK* addStoredBlock: blockMap updated: 127.0.0.1:50012 is added to blk_1073741849_1025 size 160
23/01/12 09:27:20 INFO BlockStateChange: BLOCK* ask 127.0.0.1:50012 to replicate blk_1073741851_1027 to datanode(s) 127.0.0.1:50010
23/01/12 09:27:20 INFO BlockStateChange: BLOCK* addStoredBlock: blockMap updated: 127.0.0.1:50010 is added to blk_1073741851_1027 size 128538
23/01/12 09:27:23 INFO BlockStateChange: BLOCK* ask 127.0.0.1:50012 to replicate blk_1073741850_1026 to datanode(s) 127.0.0.1:50010
23/01/12 09:27:23 INFO BlockStateChange: BLOCK* addStoredBlock: blockMap updated: 127.0.0.1:50010 is added to blk_1073741850_1026 size 352
23/01/12 09:27:24 INFO hdfs.StateChange: BLOCK* allocate blk_1073741855_1031{UCState=UNDER_CONSTRUCTION, truncateBlock=null, primaryNodeIndex=-1, replicas=[ReplicaUC[[DISK]DS-35fe98df-21d3-4a14-9902-8b2f7e536cd9:NORMAL:127.0.0.1:50012|RBW]]} for /tmp/hadoop-yarn/staging/ubuntu/.staging/job_1673515610637_0001/job_1673515610637_0001_1_conf.xml
23/01/12 09:27:24 INFO BlockStateChange: BLOCK* addStoredBlock: blockMap updated: 127.0.0.1:50012 is added to blk_1073741855_1031{UCState=UNDER_CONSTRUCTION, truncateBlock=null, primaryNodeIndex=-1, replicas=[ReplicaUC[[DISK]DS-35fe98df-21d3-4a14-9902-8b2f7e536cd9:NORMAL:127.0.0.1:50012|RBW]]} size 0
23/01/12 09:27:24 INFO hdfs.StateChange: DIR* completeFile: /tmp/hadoop-yarn/staging/ubuntu/.staging/job_1673515610637_0001/job_1673515610637_0001_1_conf.xml is closed by DFSClient_NONMAPREDUCE_-353943049_1
23/01/12 09:27:32 INFO hdfs.StateChange: BLOCK* allocate blk_1073741856_1032{UCState=UNDER_CONSTRUCTION, truncateBlock=null, primaryNodeIndex=-1, replicas=[ReplicaUC[[DISK]DS-35fe98df-21d3-4a14-9902-8b2f7e536cd9:NORMAL:127.0.0.1:50012|RBW]]} for /tmp/hadoop-yarn/staging/ubuntu/.staging/job_1673515610637_0001/job_1673515610637_0001_1.jhist
23/01/12 09:27:32 INFO hdfs.StateChange: BLOCK* fsync: /tmp/hadoop-yarn/staging/ubuntu/.staging/job_1673515610637_0001/job_1673515610637_0001_1.jhist for DFSClient_NONMAPREDUCE_-353943049_1
23/01/12 09:27:38 INFO hdfs.StateChange: BLOCK* allocate blk_1073741857_1033{UCState=UNDER_CONSTRUCTION, truncateBlock=null, primaryNodeIndex=-1, replicas=[ReplicaUC[[DISK]DS-35fe98df-21d3-4a14-9902-8b2f7e536cd9:NORMAL:127.0.0.1:50012|RBW]]} for /output_wordcount_streaming/_temporary/1/_temporary/attempt_1673515610637_0001_r_000000_0/part-00000
23/01/12 09:27:39 INFO BlockStateChange: BLOCK* addStoredBlock: blockMap updated: 127.0.0.1:50012 is added to blk_1073741857_1033{UCState=UNDER_CONSTRUCTION, truncateBlock=null, primaryNodeIndex=-1, replicas=[ReplicaUC[[DISK]DS-35fe98df-21d3-4a14-9902-8b2f7e536cd9:NORMAL:127.0.0.1:50012|RBW]]} size 0
23/01/12 09:27:39 INFO hdfs.StateChange: DIR* completeFile: /output_wordcount_streaming/_temporary/1/_temporary/attempt_1673515610637_0001_r_000000_0/part-00000 is closed by DFSClient_attempt_1673515610637_0001_r_000000_0_1110912550_1
23/01/12 09:27:39 INFO hdfs.StateChange: DIR* completeFile: /tmp/hadoop-yarn/staging/ubuntu/.staging/job_1673515610637_0001/COMMIT_STARTED is closed by DFSClient_NONMAPREDUCE_-353943049_1
23/01/12 09:27:39 INFO hdfs.StateChange: DIR* completeFile: /output_wordcount_streaming/_SUCCESS is closed by DFSClient_NONMAPREDUCE_-353943049_1
23/01/12 09:27:39 INFO hdfs.StateChange: DIR* completeFile: /tmp/hadoop-yarn/staging/ubuntu/.staging/job_1673515610637_0001/COMMIT_SUCCESS is closed by DFSClient_NONMAPREDUCE_-353943049_1
23/01/12 09:27:39 INFO BlockStateChange: BLOCK* addStoredBlock: blockMap updated: 127.0.0.1:50012 is added to blk_1073741856_1032{UCState=UNDER_CONSTRUCTION, truncateBlock=null, primaryNodeIndex=-1, replicas=[ReplicaUC[[DISK]DS-35fe98df-21d3-4a14-9902-8b2f7e536cd9:NORMAL:127.0.0.1:50012|RBW]]} size 13896
23/01/12 09:27:39 INFO hdfs.StateChange: DIR* completeFile: /tmp/hadoop-yarn/staging/ubuntu/.staging/job_1673515610637_0001/job_1673515610637_0001_1.jhist is closed by DFSClient_NONMAPREDUCE_-353943049_1
23/01/12 09:27:39 INFO hdfs.StateChange: BLOCK* allocate blk_1073741858_1034{UCState=UNDER_CONSTRUCTION, truncateBlock=null, primaryNodeIndex=-1, replicas=[ReplicaUC[[DISK]DS-35fe98df-21d3-4a14-9902-8b2f7e536cd9:NORMAL:127.0.0.1:50012|RBW]]} for /tmp/hadoop-yarn/staging/history/done_intermediate/ubuntu/job_1673515610637_0001.summary_tmp
23/01/12 09:27:39 INFO BlockStateChange: BLOCK* addStoredBlock: blockMap updated: 127.0.0.1:50012 is added to blk_1073741858_1034{UCState=UNDER_CONSTRUCTION, truncateBlock=null, primaryNodeIndex=-1, replicas=[ReplicaUC[[DISK]DS-35fe98df-21d3-4a14-9902-8b2f7e536cd9:NORMAL:127.0.0.1:50012|RBW]]} size 0
23/01/12 09:27:39 INFO hdfs.StateChange: DIR* completeFile: /tmp/hadoop-yarn/staging/history/done_intermediate/ubuntu/job_1673515610637_0001.summary_tmp is closed by DFSClient_NONMAPREDUCE_-353943049_1
23/01/12 09:27:39 INFO hdfs.StateChange: BLOCK* allocate blk_1073741859_1035{UCState=UNDER_CONSTRUCTION, truncateBlock=null, primaryNodeIndex=-1, replicas=[ReplicaUC[[DISK]DS-6379e533-8930-4b01-9ec1-f0a625efdb01:NORMAL:127.0.0.1:50010|RBW]]} for /tmp/hadoop-yarn/staging/history/done_intermediate/ubuntu/job_1673515610637_0001-1673515638481-ubuntu-streamjob3584566940999244898.jar-1673515659244-2-1-SUCCEEDED-default-1673515644251.jhist_tmp
23/01/12 09:27:39 INFO BlockStateChange: BLOCK* addStoredBlock: blockMap updated: 127.0.0.1:50010 is added to blk_1073741859_1035{UCState=UNDER_CONSTRUCTION, truncateBlock=null, primaryNodeIndex=-1, replicas=[ReplicaUC[[DISK]DS-6379e533-8930-4b01-9ec1-f0a625efdb01:NORMAL:127.0.0.1:50010|RBW]]} size 0
23/01/12 09:27:39 INFO hdfs.StateChange: DIR* completeFile: /tmp/hadoop-yarn/staging/history/done_intermediate/ubuntu/job_1673515610637_0001-1673515638481-ubuntu-streamjob3584566940999244898.jar-1673515659244-2-1-SUCCEEDED-default-1673515644251.jhist_tmp is closed by DFSClient_NONMAPREDUCE_-353943049_1
23/01/12 09:27:39 INFO hdfs.StateChange: BLOCK* allocate blk_1073741860_1036{UCState=UNDER_CONSTRUCTION, truncateBlock=null, primaryNodeIndex=-1, replicas=[ReplicaUC[[DISK]DS-6379e533-8930-4b01-9ec1-f0a625efdb01:NORMAL:127.0.0.1:50010|RBW]]} for /tmp/hadoop-yarn/staging/history/done_intermediate/ubuntu/job_1673515610637_0001_conf.xml_tmp
23/01/12 09:27:39 INFO BlockStateChange: BLOCK* addStoredBlock: blockMap updated: 127.0.0.1:50010 is added to blk_1073741860_1036{UCState=UNDER_CONSTRUCTION, truncateBlock=null, primaryNodeIndex=-1, replicas=[ReplicaUC[[DISK]DS-6379e533-8930-4b01-9ec1-f0a625efdb01:NORMAL:127.0.0.1:50010|RBW]]} size 0
23/01/12 09:27:39 INFO hdfs.StateChange: DIR* completeFile: /tmp/hadoop-yarn/staging/history/done_intermediate/ubuntu/job_1673515610637_0001_conf.xml_tmp is closed by DFSClient_NONMAPREDUCE_-353943049_1
23/01/12 09:27:40 INFO BlockStateChange: BLOCK* addToInvalidates: blk_1073741849_1025 127.0.0.1:50010 127.0.0.1:50012 
23/01/12 09:27:40 INFO BlockStateChange: BLOCK* addToInvalidates: blk_1073741850_1026 127.0.0.1:50012 127.0.0.1:50010 
23/01/12 09:27:40 INFO BlockStateChange: BLOCK* addToInvalidates: blk_1073741851_1027 127.0.0.1:50012 127.0.0.1:50010 
23/01/12 09:27:40 INFO BlockStateChange: BLOCK* addToInvalidates: blk_1073741852_1028 127.0.0.1:50012 127.0.0.1:50010 
23/01/12 09:27:40 INFO BlockStateChange: BLOCK* addToInvalidates: blk_1073741853_1029 127.0.0.1:50012 
23/01/12 09:27:40 INFO BlockStateChange: BLOCK* addToInvalidates: blk_1073741854_1030 127.0.0.1:50012 
23/01/12 09:27:40 INFO BlockStateChange: BLOCK* addToInvalidates: blk_1073741856_1032 127.0.0.1:50012 
23/01/12 09:27:40 INFO BlockStateChange: BLOCK* addToInvalidates: blk_1073741855_1031 127.0.0.1:50012 
23/01/12 09:27:41 INFO BlockStateChange: BLOCK* BlockManager: ask 127.0.0.1:50010 to delete [blk_1073741849_1025, blk_1073741850_1026, blk_1073741851_1027, blk_1073741852_1028]
23/01/12 09:27:44 INFO BlockStateChange: BLOCK* BlockManager: ask 127.0.0.1:50012 to delete [blk_1073741856_1032, blk_1073741849_1025, blk_1073741850_1026, blk_1073741851_1027, blk_1073741852_1028, blk_1073741853_1029, blk_1073741854_1030, blk_1073741855_1031]
23/01/12 09:36:50 INFO namenode.FSEditLog: Number of transactions: 100 Total time for transactions(ms): 34 Number of transactions batched in Syncs: 2 Number of syncs: 71 SyncTimes(ms): 79 
23/01/12 09:36:50 INFO hdfs.StateChange: BLOCK* allocate blk_1073741861_1037{UCState=UNDER_CONSTRUCTION, truncateBlock=null, primaryNodeIndex=-1, replicas=[ReplicaUC[[DISK]DS-35fe98df-21d3-4a14-9902-8b2f7e536cd9:NORMAL:127.0.0.1:50012|RBW]]} for /tmp/hadoop-yarn/staging/ubuntu/.staging/job_1673515610637_0002/files/mapper.py
23/01/12 09:36:50 INFO BlockStateChange: BLOCK* addStoredBlock: blockMap updated: 127.0.0.1:50012 is added to blk_1073741861_1037{UCState=UNDER_CONSTRUCTION, truncateBlock=null, primaryNodeIndex=-1, replicas=[ReplicaUC[[DISK]DS-35fe98df-21d3-4a14-9902-8b2f7e536cd9:NORMAL:127.0.0.1:50012|RBW]]} size 0
23/01/12 09:36:50 INFO hdfs.StateChange: DIR* completeFile: /tmp/hadoop-yarn/staging/ubuntu/.staging/job_1673515610637_0002/files/mapper.py is closed by DFSClient_NONMAPREDUCE_395457021_1
23/01/12 09:36:50 INFO blockmanagement.BlockManager: Increasing replication from 1 to 10 for /tmp/hadoop-yarn/staging/ubuntu/.staging/job_1673515610637_0002/files/mapper.py
23/01/12 09:36:50 INFO hdfs.StateChange: BLOCK* allocate blk_1073741862_1038{UCState=UNDER_CONSTRUCTION, truncateBlock=null, primaryNodeIndex=-1, replicas=[ReplicaUC[[DISK]DS-35fe98df-21d3-4a14-9902-8b2f7e536cd9:NORMAL:127.0.0.1:50012|RBW]]} for /tmp/hadoop-yarn/staging/ubuntu/.staging/job_1673515610637_0002/job.jar
23/01/12 09:36:50 INFO BlockStateChange: BLOCK* addStoredBlock: blockMap updated: 127.0.0.1:50012 is added to blk_1073741862_1038{UCState=UNDER_CONSTRUCTION, truncateBlock=null, primaryNodeIndex=-1, replicas=[ReplicaUC[[DISK]DS-35fe98df-21d3-4a14-9902-8b2f7e536cd9:NORMAL:127.0.0.1:50012|RBW]]} size 0
23/01/12 09:36:50 INFO hdfs.StateChange: DIR* completeFile: /tmp/hadoop-yarn/staging/ubuntu/.staging/job_1673515610637_0002/job.jar is closed by DFSClient_NONMAPREDUCE_395457021_1
23/01/12 09:36:50 INFO blockmanagement.BlockManager: Increasing replication from 1 to 10 for /tmp/hadoop-yarn/staging/ubuntu/.staging/job_1673515610637_0002/job.jar
23/01/12 09:36:50 INFO blockmanagement.BlockManager: Increasing replication from 1 to 10 for /tmp/hadoop-yarn/staging/ubuntu/.staging/job_1673515610637_0002/job.split
23/01/12 09:36:50 INFO hdfs.StateChange: BLOCK* allocate blk_1073741863_1039{UCState=UNDER_CONSTRUCTION, truncateBlock=null, primaryNodeIndex=-1, replicas=[ReplicaUC[[DISK]DS-6379e533-8930-4b01-9ec1-f0a625efdb01:NORMAL:127.0.0.1:50010|RBW], ReplicaUC[[DISK]DS-35fe98df-21d3-4a14-9902-8b2f7e536cd9:NORMAL:127.0.0.1:50012|RBW]]} for /tmp/hadoop-yarn/staging/ubuntu/.staging/job_1673515610637_0002/job.split
23/01/12 09:36:50 INFO BlockStateChange: BLOCK* addStoredBlock: blockMap updated: 127.0.0.1:50012 is added to blk_1073741863_1039{UCState=UNDER_CONSTRUCTION, truncateBlock=null, primaryNodeIndex=-1, replicas=[ReplicaUC[[DISK]DS-6379e533-8930-4b01-9ec1-f0a625efdb01:NORMAL:127.0.0.1:50010|RBW], ReplicaUC[[DISK]DS-35fe98df-21d3-4a14-9902-8b2f7e536cd9:NORMAL:127.0.0.1:50012|RBW]]} size 0
23/01/12 09:36:50 INFO BlockStateChange: BLOCK* addStoredBlock: blockMap updated: 127.0.0.1:50010 is added to blk_1073741863_1039{UCState=UNDER_CONSTRUCTION, truncateBlock=null, primaryNodeIndex=-1, replicas=[ReplicaUC[[DISK]DS-6379e533-8930-4b01-9ec1-f0a625efdb01:NORMAL:127.0.0.1:50010|RBW], ReplicaUC[[DISK]DS-35fe98df-21d3-4a14-9902-8b2f7e536cd9:NORMAL:127.0.0.1:50012|RBW]]} size 0
23/01/12 09:36:50 INFO hdfs.StateChange: DIR* completeFile: /tmp/hadoop-yarn/staging/ubuntu/.staging/job_1673515610637_0002/job.split is closed by DFSClient_NONMAPREDUCE_395457021_1
23/01/12 09:36:50 INFO hdfs.StateChange: BLOCK* allocate blk_1073741864_1040{UCState=UNDER_CONSTRUCTION, truncateBlock=null, primaryNodeIndex=-1, replicas=[ReplicaUC[[DISK]DS-35fe98df-21d3-4a14-9902-8b2f7e536cd9:NORMAL:127.0.0.1:50012|RBW]]} for /tmp/hadoop-yarn/staging/ubuntu/.staging/job_1673515610637_0002/job.splitmetainfo
23/01/12 09:36:50 INFO BlockStateChange: BLOCK* addStoredBlock: blockMap updated: 127.0.0.1:50012 is added to blk_1073741864_1040{UCState=UNDER_CONSTRUCTION, truncateBlock=null, primaryNodeIndex=-1, replicas=[ReplicaUC[[DISK]DS-35fe98df-21d3-4a14-9902-8b2f7e536cd9:NORMAL:127.0.0.1:50012|RBW]]} size 0
23/01/12 09:36:50 INFO hdfs.StateChange: DIR* completeFile: /tmp/hadoop-yarn/staging/ubuntu/.staging/job_1673515610637_0002/job.splitmetainfo is closed by DFSClient_NONMAPREDUCE_395457021_1
23/01/12 09:36:50 INFO hdfs.StateChange: BLOCK* allocate blk_1073741865_1041{UCState=UNDER_CONSTRUCTION, truncateBlock=null, primaryNodeIndex=-1, replicas=[ReplicaUC[[DISK]DS-35fe98df-21d3-4a14-9902-8b2f7e536cd9:NORMAL:127.0.0.1:50012|RBW]]} for /tmp/hadoop-yarn/staging/ubuntu/.staging/job_1673515610637_0002/job.xml
23/01/12 09:36:50 INFO BlockStateChange: BLOCK* addStoredBlock: blockMap updated: 127.0.0.1:50012 is added to blk_1073741865_1041{UCState=UNDER_CONSTRUCTION, truncateBlock=null, primaryNodeIndex=-1, replicas=[ReplicaUC[[DISK]DS-35fe98df-21d3-4a14-9902-8b2f7e536cd9:NORMAL:127.0.0.1:50012|RBW]]} size 0
23/01/12 09:36:50 INFO hdfs.StateChange: DIR* completeFile: /tmp/hadoop-yarn/staging/ubuntu/.staging/job_1673515610637_0002/job.xml is closed by DFSClient_NONMAPREDUCE_395457021_1
23/01/12 09:36:53 INFO BlockStateChange: BLOCK* ask 127.0.0.1:50012 to replicate blk_1073741861_1037 to datanode(s) 127.0.0.1:50010
23/01/12 09:36:53 INFO BlockStateChange: BLOCK* ask 127.0.0.1:50012 to replicate blk_1073741862_1038 to datanode(s) 127.0.0.1:50010
23/01/12 09:36:53 INFO BlockStateChange: BLOCK* addStoredBlock: blockMap updated: 127.0.0.1:50010 is added to blk_1073741862_1038 size 128226
23/01/12 09:36:53 INFO BlockStateChange: BLOCK* addStoredBlock: blockMap updated: 127.0.0.1:50010 is added to blk_1073741861_1037 size 160
23/01/12 09:36:55 INFO hdfs.StateChange: BLOCK* allocate blk_1073741866_1042{UCState=UNDER_CONSTRUCTION, truncateBlock=null, primaryNodeIndex=-1, replicas=[ReplicaUC[[DISK]DS-6379e533-8930-4b01-9ec1-f0a625efdb01:NORMAL:127.0.0.1:50010|RBW]]} for /tmp/hadoop-yarn/staging/ubuntu/.staging/job_1673515610637_0002/job_1673515610637_0002_1_conf.xml
23/01/12 09:36:56 INFO BlockStateChange: BLOCK* addStoredBlock: blockMap updated: 127.0.0.1:50010 is added to blk_1073741866_1042{UCState=UNDER_CONSTRUCTION, truncateBlock=null, primaryNodeIndex=-1, replicas=[ReplicaUC[[DISK]DS-6379e533-8930-4b01-9ec1-f0a625efdb01:NORMAL:127.0.0.1:50010|RBW]]} size 0
23/01/12 09:36:56 INFO hdfs.StateChange: DIR* completeFile: /tmp/hadoop-yarn/staging/ubuntu/.staging/job_1673515610637_0002/job_1673515610637_0002_1_conf.xml is closed by DFSClient_NONMAPREDUCE_760729254_1
23/01/12 09:37:03 INFO hdfs.StateChange: BLOCK* allocate blk_1073741867_1043{UCState=UNDER_CONSTRUCTION, truncateBlock=null, primaryNodeIndex=-1, replicas=[ReplicaUC[[DISK]DS-35fe98df-21d3-4a14-9902-8b2f7e536cd9:NORMAL:127.0.0.1:50012|RBW]]} for /tmp/hadoop-yarn/staging/ubuntu/.staging/job_1673515610637_0002/job_1673515610637_0002_1.jhist
23/01/12 09:37:03 INFO hdfs.StateChange: BLOCK* fsync: /tmp/hadoop-yarn/staging/ubuntu/.staging/job_1673515610637_0002/job_1673515610637_0002_1.jhist for DFSClient_NONMAPREDUCE_760729254_1
23/01/12 09:37:09 INFO hdfs.StateChange: BLOCK* allocate blk_1073741868_1044{UCState=UNDER_CONSTRUCTION, truncateBlock=null, primaryNodeIndex=-1, replicas=[ReplicaUC[[DISK]DS-6379e533-8930-4b01-9ec1-f0a625efdb01:NORMAL:127.0.0.1:50010|RBW]]} for /output_wordcount_streaming_test/_temporary/1/_temporary/attempt_1673515610637_0002_r_000000_0/part-00000
23/01/12 09:37:10 INFO BlockStateChange: BLOCK* addStoredBlock: blockMap updated: 127.0.0.1:50010 is added to blk_1073741868_1044{UCState=UNDER_CONSTRUCTION, truncateBlock=null, primaryNodeIndex=-1, replicas=[ReplicaUC[[DISK]DS-6379e533-8930-4b01-9ec1-f0a625efdb01:NORMAL:127.0.0.1:50010|RBW]]} size 0
23/01/12 09:37:10 INFO hdfs.StateChange: DIR* completeFile: /output_wordcount_streaming_test/_temporary/1/_temporary/attempt_1673515610637_0002_r_000000_0/part-00000 is closed by DFSClient_attempt_1673515610637_0002_r_000000_0_-120854120_1
23/01/12 09:37:10 INFO hdfs.StateChange: DIR* completeFile: /tmp/hadoop-yarn/staging/ubuntu/.staging/job_1673515610637_0002/COMMIT_STARTED is closed by DFSClient_NONMAPREDUCE_760729254_1
23/01/12 09:37:10 INFO hdfs.StateChange: DIR* completeFile: /output_wordcount_streaming_test/_SUCCESS is closed by DFSClient_NONMAPREDUCE_760729254_1
23/01/12 09:37:10 INFO hdfs.StateChange: DIR* completeFile: /tmp/hadoop-yarn/staging/ubuntu/.staging/job_1673515610637_0002/COMMIT_SUCCESS is closed by DFSClient_NONMAPREDUCE_760729254_1
23/01/12 09:37:10 INFO namenode.FSNamesystem: BLOCK* blk_1073741867_1043{UCState=COMMITTED, truncateBlock=null, primaryNodeIndex=-1, replicas=[ReplicaUC[[DISK]DS-35fe98df-21d3-4a14-9902-8b2f7e536cd9:NORMAL:127.0.0.1:50012|RBW]]} is not COMPLETE (ucState = COMMITTED, replication# = 0 <  minimum = 1) in file /tmp/hadoop-yarn/staging/ubuntu/.staging/job_1673515610637_0002/job_1673515610637_0002_1.jhist
23/01/12 09:37:10 INFO BlockStateChange: BLOCK* addStoredBlock: blockMap updated: 127.0.0.1:50012 is added to blk_1073741867_1043{UCState=COMMITTED, truncateBlock=null, primaryNodeIndex=-1, replicas=[ReplicaUC[[DISK]DS-35fe98df-21d3-4a14-9902-8b2f7e536cd9:NORMAL:127.0.0.1:50012|RBW]]} size 40493
23/01/12 09:37:10 INFO hdfs.StateChange: DIR* completeFile: /tmp/hadoop-yarn/staging/ubuntu/.staging/job_1673515610637_0002/job_1673515610637_0002_1.jhist is closed by DFSClient_NONMAPREDUCE_760729254_1
23/01/12 09:37:10 INFO hdfs.StateChange: BLOCK* allocate blk_1073741869_1045{UCState=UNDER_CONSTRUCTION, truncateBlock=null, primaryNodeIndex=-1, replicas=[ReplicaUC[[DISK]DS-35fe98df-21d3-4a14-9902-8b2f7e536cd9:NORMAL:127.0.0.1:50012|RBW]]} for /tmp/hadoop-yarn/staging/history/done_intermediate/ubuntu/job_1673515610637_0002.summary_tmp
23/01/12 09:37:10 INFO BlockStateChange: BLOCK* addStoredBlock: blockMap updated: 127.0.0.1:50012 is added to blk_1073741869_1045{UCState=UNDER_CONSTRUCTION, truncateBlock=null, primaryNodeIndex=-1, replicas=[ReplicaUC[[DISK]DS-35fe98df-21d3-4a14-9902-8b2f7e536cd9:NORMAL:127.0.0.1:50012|RBW]]} size 0
23/01/12 09:37:10 INFO hdfs.StateChange: DIR* completeFile: /tmp/hadoop-yarn/staging/history/done_intermediate/ubuntu/job_1673515610637_0002.summary_tmp is closed by DFSClient_NONMAPREDUCE_760729254_1
23/01/12 09:37:10 INFO hdfs.StateChange: BLOCK* allocate blk_1073741870_1046{UCState=UNDER_CONSTRUCTION, truncateBlock=null, primaryNodeIndex=-1, replicas=[ReplicaUC[[DISK]DS-6379e533-8930-4b01-9ec1-f0a625efdb01:NORMAL:127.0.0.1:50010|RBW]]} for /tmp/hadoop-yarn/staging/history/done_intermediate/ubuntu/job_1673515610637_0002-1673516211107-ubuntu-streamjob13508333961145245616.jar-1673516230417-2-1-SUCCEEDED-default-1673516215663.jhist_tmp
23/01/12 09:37:10 INFO BlockStateChange: BLOCK* addStoredBlock: blockMap updated: 127.0.0.1:50010 is added to blk_1073741870_1046{UCState=UNDER_CONSTRUCTION, truncateBlock=null, primaryNodeIndex=-1, replicas=[ReplicaUC[[DISK]DS-6379e533-8930-4b01-9ec1-f0a625efdb01:NORMAL:127.0.0.1:50010|RBW]]} size 0
23/01/12 09:37:10 INFO hdfs.StateChange: DIR* completeFile: /tmp/hadoop-yarn/staging/history/done_intermediate/ubuntu/job_1673515610637_0002-1673516211107-ubuntu-streamjob13508333961145245616.jar-1673516230417-2-1-SUCCEEDED-default-1673516215663.jhist_tmp is closed by DFSClient_NONMAPREDUCE_760729254_1
23/01/12 09:37:10 INFO hdfs.StateChange: BLOCK* allocate blk_1073741871_1047{UCState=UNDER_CONSTRUCTION, truncateBlock=null, primaryNodeIndex=-1, replicas=[ReplicaUC[[DISK]DS-6379e533-8930-4b01-9ec1-f0a625efdb01:NORMAL:127.0.0.1:50010|RBW]]} for /tmp/hadoop-yarn/staging/history/done_intermediate/ubuntu/job_1673515610637_0002_conf.xml_tmp
23/01/12 09:37:10 INFO BlockStateChange: BLOCK* addStoredBlock: blockMap updated: 127.0.0.1:50010 is added to blk_1073741871_1047{UCState=UNDER_CONSTRUCTION, truncateBlock=null, primaryNodeIndex=-1, replicas=[ReplicaUC[[DISK]DS-6379e533-8930-4b01-9ec1-f0a625efdb01:NORMAL:127.0.0.1:50010|RBW]]} size 0
23/01/12 09:37:10 INFO hdfs.StateChange: DIR* completeFile: /tmp/hadoop-yarn/staging/history/done_intermediate/ubuntu/job_1673515610637_0002_conf.xml_tmp is closed by DFSClient_NONMAPREDUCE_760729254_1
23/01/12 09:37:11 INFO BlockStateChange: BLOCK* addToInvalidates: blk_1073741861_1037 127.0.0.1:50012 127.0.0.1:50010 
23/01/12 09:37:11 INFO BlockStateChange: BLOCK* addToInvalidates: blk_1073741862_1038 127.0.0.1:50012 127.0.0.1:50010 
23/01/12 09:37:11 INFO BlockStateChange: BLOCK* addToInvalidates: blk_1073741863_1039 127.0.0.1:50010 127.0.0.1:50012 
23/01/12 09:37:11 INFO BlockStateChange: BLOCK* addToInvalidates: blk_1073741864_1040 127.0.0.1:50012 
23/01/12 09:37:11 INFO BlockStateChange: BLOCK* addToInvalidates: blk_1073741865_1041 127.0.0.1:50012 
23/01/12 09:37:11 INFO BlockStateChange: BLOCK* addToInvalidates: blk_1073741867_1043 127.0.0.1:50012 
23/01/12 09:37:11 INFO BlockStateChange: BLOCK* addToInvalidates: blk_1073741866_1042 127.0.0.1:50010 
23/01/12 09:37:14 INFO BlockStateChange: BLOCK* BlockManager: ask 127.0.0.1:50010 to delete [blk_1073741861_1037, blk_1073741862_1038, blk_1073741863_1039, blk_1073741866_1042]
23/01/12 09:37:17 INFO BlockStateChange: BLOCK* BlockManager: ask 127.0.0.1:50012 to delete [blk_1073741861_1037, blk_1073741862_1038, blk_1073741863_1039, blk_1073741864_1040, blk_1073741865_1041, blk_1073741867_1043]
23/01/12 09:38:28 INFO namenode.FSEditLog: Number of transactions: 188 Total time for transactions(ms): 36 Number of transactions batched in Syncs: 3 Number of syncs: 133 SyncTimes(ms): 138 
23/01/12 09:38:28 INFO hdfs.StateChange: BLOCK* allocate blk_1073741872_1048{UCState=UNDER_CONSTRUCTION, truncateBlock=null, primaryNodeIndex=-1, replicas=[ReplicaUC[[DISK]DS-6379e533-8930-4b01-9ec1-f0a625efdb01:NORMAL:127.0.0.1:50010|RBW]]} for /tmp/hadoop-yarn/staging/ubuntu/.staging/job_1673515610637_0003/files/mapper.py
23/01/12 09:38:28 INFO BlockStateChange: BLOCK* addStoredBlock: blockMap updated: 127.0.0.1:50010 is added to blk_1073741872_1048{UCState=UNDER_CONSTRUCTION, truncateBlock=null, primaryNodeIndex=-1, replicas=[ReplicaUC[[DISK]DS-6379e533-8930-4b01-9ec1-f0a625efdb01:NORMAL:127.0.0.1:50010|RBW]]} size 0
23/01/12 09:38:28 INFO hdfs.StateChange: DIR* completeFile: /tmp/hadoop-yarn/staging/ubuntu/.staging/job_1673515610637_0003/files/mapper.py is closed by DFSClient_NONMAPREDUCE_-1823386376_1
23/01/12 09:38:28 INFO blockmanagement.BlockManager: Increasing replication from 1 to 10 for /tmp/hadoop-yarn/staging/ubuntu/.staging/job_1673515610637_0003/files/mapper.py
23/01/12 09:38:28 INFO hdfs.StateChange: BLOCK* allocate blk_1073741873_1049{UCState=UNDER_CONSTRUCTION, truncateBlock=null, primaryNodeIndex=-1, replicas=[ReplicaUC[[DISK]DS-35fe98df-21d3-4a14-9902-8b2f7e536cd9:NORMAL:127.0.0.1:50012|RBW]]} for /tmp/hadoop-yarn/staging/ubuntu/.staging/job_1673515610637_0003/files/reducer.py
23/01/12 09:38:28 INFO BlockStateChange: BLOCK* addStoredBlock: blockMap updated: 127.0.0.1:50012 is added to blk_1073741873_1049{UCState=UNDER_CONSTRUCTION, truncateBlock=null, primaryNodeIndex=-1, replicas=[ReplicaUC[[DISK]DS-35fe98df-21d3-4a14-9902-8b2f7e536cd9:NORMAL:127.0.0.1:50012|RBW]]} size 0
23/01/12 09:38:28 INFO hdfs.StateChange: DIR* completeFile: /tmp/hadoop-yarn/staging/ubuntu/.staging/job_1673515610637_0003/files/reducer.py is closed by DFSClient_NONMAPREDUCE_-1823386376_1
23/01/12 09:38:28 INFO blockmanagement.BlockManager: Increasing replication from 1 to 10 for /tmp/hadoop-yarn/staging/ubuntu/.staging/job_1673515610637_0003/files/reducer.py
23/01/12 09:38:28 INFO hdfs.StateChange: BLOCK* allocate blk_1073741874_1050{UCState=UNDER_CONSTRUCTION, truncateBlock=null, primaryNodeIndex=-1, replicas=[ReplicaUC[[DISK]DS-35fe98df-21d3-4a14-9902-8b2f7e536cd9:NORMAL:127.0.0.1:50012|RBW]]} for /tmp/hadoop-yarn/staging/ubuntu/.staging/job_1673515610637_0003/job.jar
23/01/12 09:38:28 INFO BlockStateChange: BLOCK* addStoredBlock: blockMap updated: 127.0.0.1:50012 is added to blk_1073741874_1050{UCState=UNDER_CONSTRUCTION, truncateBlock=null, primaryNodeIndex=-1, replicas=[ReplicaUC[[DISK]DS-35fe98df-21d3-4a14-9902-8b2f7e536cd9:NORMAL:127.0.0.1:50012|RBW]]} size 0
23/01/12 09:38:28 INFO hdfs.StateChange: DIR* completeFile: /tmp/hadoop-yarn/staging/ubuntu/.staging/job_1673515610637_0003/job.jar is closed by DFSClient_NONMAPREDUCE_-1823386376_1
23/01/12 09:38:28 INFO blockmanagement.BlockManager: Increasing replication from 1 to 10 for /tmp/hadoop-yarn/staging/ubuntu/.staging/job_1673515610637_0003/job.jar
23/01/12 09:38:28 INFO blockmanagement.BlockManager: Increasing replication from 1 to 10 for /tmp/hadoop-yarn/staging/ubuntu/.staging/job_1673515610637_0003/job.split
23/01/12 09:38:28 INFO hdfs.StateChange: BLOCK* allocate blk_1073741875_1051{UCState=UNDER_CONSTRUCTION, truncateBlock=null, primaryNodeIndex=-1, replicas=[ReplicaUC[[DISK]DS-35fe98df-21d3-4a14-9902-8b2f7e536cd9:NORMAL:127.0.0.1:50012|RBW], ReplicaUC[[DISK]DS-6379e533-8930-4b01-9ec1-f0a625efdb01:NORMAL:127.0.0.1:50010|RBW]]} for /tmp/hadoop-yarn/staging/ubuntu/.staging/job_1673515610637_0003/job.split
23/01/12 09:38:28 INFO BlockStateChange: BLOCK* addStoredBlock: blockMap updated: 127.0.0.1:50010 is added to blk_1073741875_1051{UCState=UNDER_CONSTRUCTION, truncateBlock=null, primaryNodeIndex=-1, replicas=[ReplicaUC[[DISK]DS-35fe98df-21d3-4a14-9902-8b2f7e536cd9:NORMAL:127.0.0.1:50012|RBW], ReplicaUC[[DISK]DS-6379e533-8930-4b01-9ec1-f0a625efdb01:NORMAL:127.0.0.1:50010|RBW]]} size 0
23/01/12 09:38:28 INFO BlockStateChange: BLOCK* addStoredBlock: blockMap updated: 127.0.0.1:50012 is added to blk_1073741875_1051{UCState=UNDER_CONSTRUCTION, truncateBlock=null, primaryNodeIndex=-1, replicas=[ReplicaUC[[DISK]DS-35fe98df-21d3-4a14-9902-8b2f7e536cd9:NORMAL:127.0.0.1:50012|RBW], ReplicaUC[[DISK]DS-6379e533-8930-4b01-9ec1-f0a625efdb01:NORMAL:127.0.0.1:50010|RBW]]} size 0
23/01/12 09:38:28 INFO hdfs.StateChange: DIR* completeFile: /tmp/hadoop-yarn/staging/ubuntu/.staging/job_1673515610637_0003/job.split is closed by DFSClient_NONMAPREDUCE_-1823386376_1
23/01/12 09:38:28 INFO hdfs.StateChange: BLOCK* allocate blk_1073741876_1052{UCState=UNDER_CONSTRUCTION, truncateBlock=null, primaryNodeIndex=-1, replicas=[ReplicaUC[[DISK]DS-6379e533-8930-4b01-9ec1-f0a625efdb01:NORMAL:127.0.0.1:50010|RBW]]} for /tmp/hadoop-yarn/staging/ubuntu/.staging/job_1673515610637_0003/job.splitmetainfo
23/01/12 09:38:28 INFO BlockStateChange: BLOCK* addStoredBlock: blockMap updated: 127.0.0.1:50010 is added to blk_1073741876_1052{UCState=UNDER_CONSTRUCTION, truncateBlock=null, primaryNodeIndex=-1, replicas=[ReplicaUC[[DISK]DS-6379e533-8930-4b01-9ec1-f0a625efdb01:NORMAL:127.0.0.1:50010|RBW]]} size 0
23/01/12 09:38:28 INFO hdfs.StateChange: DIR* completeFile: /tmp/hadoop-yarn/staging/ubuntu/.staging/job_1673515610637_0003/job.splitmetainfo is closed by DFSClient_NONMAPREDUCE_-1823386376_1
23/01/12 09:38:28 INFO hdfs.StateChange: BLOCK* allocate blk_1073741877_1053{UCState=UNDER_CONSTRUCTION, truncateBlock=null, primaryNodeIndex=-1, replicas=[ReplicaUC[[DISK]DS-6379e533-8930-4b01-9ec1-f0a625efdb01:NORMAL:127.0.0.1:50010|RBW]]} for /tmp/hadoop-yarn/staging/ubuntu/.staging/job_1673515610637_0003/job.xml
23/01/12 09:38:28 INFO BlockStateChange: BLOCK* addStoredBlock: blockMap updated: 127.0.0.1:50010 is added to blk_1073741877_1053{UCState=UNDER_CONSTRUCTION, truncateBlock=null, primaryNodeIndex=-1, replicas=[ReplicaUC[[DISK]DS-6379e533-8930-4b01-9ec1-f0a625efdb01:NORMAL:127.0.0.1:50010|RBW]]} size 0
23/01/12 09:38:28 INFO hdfs.StateChange: DIR* completeFile: /tmp/hadoop-yarn/staging/ubuntu/.staging/job_1673515610637_0003/job.xml is closed by DFSClient_NONMAPREDUCE_-1823386376_1
23/01/12 09:38:29 INFO BlockStateChange: BLOCK* ask 127.0.0.1:50010 to replicate blk_1073741872_1048 to datanode(s) 127.0.0.1:50012
23/01/12 09:38:29 INFO BlockStateChange: BLOCK* ask 127.0.0.1:50012 to replicate blk_1073741873_1049 to datanode(s) 127.0.0.1:50010
23/01/12 09:38:29 INFO BlockStateChange: BLOCK* ask 127.0.0.1:50012 to replicate blk_1073741874_1050 to datanode(s) 127.0.0.1:50010
23/01/12 09:38:29 INFO BlockStateChange: BLOCK* addStoredBlock: blockMap updated: 127.0.0.1:50010 is added to blk_1073741873_1049 size 352
23/01/12 09:38:29 INFO BlockStateChange: BLOCK* addStoredBlock: blockMap updated: 127.0.0.1:50010 is added to blk_1073741874_1050 size 128538
23/01/12 09:38:31 INFO BlockStateChange: BLOCK* addStoredBlock: blockMap updated: 127.0.0.1:50012 is added to blk_1073741872_1048 size 160
23/01/12 09:38:33 INFO hdfs.StateChange: BLOCK* allocate blk_1073741878_1054{UCState=UNDER_CONSTRUCTION, truncateBlock=null, primaryNodeIndex=-1, replicas=[ReplicaUC[[DISK]DS-35fe98df-21d3-4a14-9902-8b2f7e536cd9:NORMAL:127.0.0.1:50012|RBW]]} for /tmp/hadoop-yarn/staging/ubuntu/.staging/job_1673515610637_0003/job_1673515610637_0003_1_conf.xml
23/01/12 09:38:34 INFO BlockStateChange: BLOCK* addStoredBlock: blockMap updated: 127.0.0.1:50012 is added to blk_1073741878_1054{UCState=UNDER_CONSTRUCTION, truncateBlock=null, primaryNodeIndex=-1, replicas=[ReplicaUC[[DISK]DS-35fe98df-21d3-4a14-9902-8b2f7e536cd9:NORMAL:127.0.0.1:50012|RBW]]} size 0
23/01/12 09:38:34 INFO hdfs.StateChange: DIR* completeFile: /tmp/hadoop-yarn/staging/ubuntu/.staging/job_1673515610637_0003/job_1673515610637_0003_1_conf.xml is closed by DFSClient_NONMAPREDUCE_-1063260614_1
23/01/12 09:38:42 INFO hdfs.StateChange: BLOCK* allocate blk_1073741879_1055{UCState=UNDER_CONSTRUCTION, truncateBlock=null, primaryNodeIndex=-1, replicas=[ReplicaUC[[DISK]DS-6379e533-8930-4b01-9ec1-f0a625efdb01:NORMAL:127.0.0.1:50010|RBW]]} for /tmp/hadoop-yarn/staging/ubuntu/.staging/job_1673515610637_0003/job_1673515610637_0003_1.jhist
23/01/12 09:38:42 INFO hdfs.StateChange: BLOCK* fsync: /tmp/hadoop-yarn/staging/ubuntu/.staging/job_1673515610637_0003/job_1673515610637_0003_1.jhist for DFSClient_NONMAPREDUCE_-1063260614_1
23/01/12 09:38:47 INFO hdfs.StateChange: BLOCK* allocate blk_1073741880_1056{UCState=UNDER_CONSTRUCTION, truncateBlock=null, primaryNodeIndex=-1, replicas=[ReplicaUC[[DISK]DS-6379e533-8930-4b01-9ec1-f0a625efdb01:NORMAL:127.0.0.1:50010|RBW]]} for /output_wordcount_streaming_combiner/_temporary/1/_temporary/attempt_1673515610637_0003_r_000000_0/part-00000
23/01/12 09:38:47 INFO namenode.FSNamesystem: BLOCK* blk_1073741880_1056{UCState=COMMITTED, truncateBlock=null, primaryNodeIndex=-1, replicas=[ReplicaUC[[DISK]DS-6379e533-8930-4b01-9ec1-f0a625efdb01:NORMAL:127.0.0.1:50010|RBW]]} is not COMPLETE (ucState = COMMITTED, replication# = 0 <  minimum = 1) in file /output_wordcount_streaming_combiner/_temporary/1/_temporary/attempt_1673515610637_0003_r_000000_0/part-00000
23/01/12 09:38:47 INFO BlockStateChange: BLOCK* addStoredBlock: blockMap updated: 127.0.0.1:50010 is added to blk_1073741880_1056{UCState=COMMITTED, truncateBlock=null, primaryNodeIndex=-1, replicas=[ReplicaUC[[DISK]DS-6379e533-8930-4b01-9ec1-f0a625efdb01:NORMAL:127.0.0.1:50010|RBW]]} size 490528
23/01/12 09:38:47 INFO hdfs.StateChange: DIR* completeFile: /output_wordcount_streaming_combiner/_temporary/1/_temporary/attempt_1673515610637_0003_r_000000_0/part-00000 is closed by DFSClient_attempt_1673515610637_0003_r_000000_0_1507042695_1
23/01/12 09:38:47 INFO hdfs.StateChange: DIR* completeFile: /tmp/hadoop-yarn/staging/ubuntu/.staging/job_1673515610637_0003/COMMIT_STARTED is closed by DFSClient_NONMAPREDUCE_-1063260614_1
23/01/12 09:38:48 INFO hdfs.StateChange: DIR* completeFile: /output_wordcount_streaming_combiner/_SUCCESS is closed by DFSClient_NONMAPREDUCE_-1063260614_1
23/01/12 09:38:48 INFO hdfs.StateChange: DIR* completeFile: /tmp/hadoop-yarn/staging/ubuntu/.staging/job_1673515610637_0003/COMMIT_SUCCESS is closed by DFSClient_NONMAPREDUCE_-1063260614_1
23/01/12 09:38:48 INFO namenode.FSNamesystem: BLOCK* blk_1073741879_1055{UCState=COMMITTED, truncateBlock=null, primaryNodeIndex=-1, replicas=[ReplicaUC[[DISK]DS-6379e533-8930-4b01-9ec1-f0a625efdb01:NORMAL:127.0.0.1:50010|RBW]]} is not COMPLETE (ucState = COMMITTED, replication# = 0 <  minimum = 1) in file /tmp/hadoop-yarn/staging/ubuntu/.staging/job_1673515610637_0003/job_1673515610637_0003_1.jhist
23/01/12 09:38:48 INFO BlockStateChange: BLOCK* addStoredBlock: blockMap updated: 127.0.0.1:50010 is added to blk_1073741879_1055{UCState=COMMITTED, truncateBlock=null, primaryNodeIndex=-1, replicas=[ReplicaUC[[DISK]DS-6379e533-8930-4b01-9ec1-f0a625efdb01:NORMAL:127.0.0.1:50010|RBW]]} size 40903
23/01/12 09:38:48 INFO hdfs.StateChange: DIR* completeFile: /tmp/hadoop-yarn/staging/ubuntu/.staging/job_1673515610637_0003/job_1673515610637_0003_1.jhist is closed by DFSClient_NONMAPREDUCE_-1063260614_1
23/01/12 09:38:48 INFO hdfs.StateChange: BLOCK* allocate blk_1073741881_1057{UCState=UNDER_CONSTRUCTION, truncateBlock=null, primaryNodeIndex=-1, replicas=[ReplicaUC[[DISK]DS-6379e533-8930-4b01-9ec1-f0a625efdb01:NORMAL:127.0.0.1:50010|RBW]]} for /tmp/hadoop-yarn/staging/history/done_intermediate/ubuntu/job_1673515610637_0003.summary_tmp
23/01/12 09:38:48 INFO BlockStateChange: BLOCK* addStoredBlock: blockMap updated: 127.0.0.1:50010 is added to blk_1073741881_1057{UCState=UNDER_CONSTRUCTION, truncateBlock=null, primaryNodeIndex=-1, replicas=[ReplicaUC[[DISK]DS-6379e533-8930-4b01-9ec1-f0a625efdb01:NORMAL:127.0.0.1:50010|RBW]]} size 0
23/01/12 09:38:48 INFO hdfs.StateChange: DIR* completeFile: /tmp/hadoop-yarn/staging/history/done_intermediate/ubuntu/job_1673515610637_0003.summary_tmp is closed by DFSClient_NONMAPREDUCE_-1063260614_1
23/01/12 09:38:48 INFO hdfs.StateChange: BLOCK* allocate blk_1073741882_1058{UCState=UNDER_CONSTRUCTION, truncateBlock=null, primaryNodeIndex=-1, replicas=[ReplicaUC[[DISK]DS-35fe98df-21d3-4a14-9902-8b2f7e536cd9:NORMAL:127.0.0.1:50012|RBW]]} for /tmp/hadoop-yarn/staging/history/done_intermediate/ubuntu/job_1673515610637_0003-1673516308987-ubuntu-streamjob17512230452076588034.jar-1673516328032-2-1-SUCCEEDED-default-1673516313703.jhist_tmp
23/01/12 09:38:48 INFO namenode.FSNamesystem: BLOCK* blk_1073741882_1058{UCState=COMMITTED, truncateBlock=null, primaryNodeIndex=-1, replicas=[ReplicaUC[[DISK]DS-35fe98df-21d3-4a14-9902-8b2f7e536cd9:NORMAL:127.0.0.1:50012|RBW]]} is not COMPLETE (ucState = COMMITTED, replication# = 0 <  minimum = 1) in file /tmp/hadoop-yarn/staging/history/done_intermediate/ubuntu/job_1673515610637_0003-1673516308987-ubuntu-streamjob17512230452076588034.jar-1673516328032-2-1-SUCCEEDED-default-1673516313703.jhist_tmp
23/01/12 09:38:48 INFO BlockStateChange: BLOCK* addStoredBlock: blockMap updated: 127.0.0.1:50012 is added to blk_1073741882_1058{UCState=COMMITTED, truncateBlock=null, primaryNodeIndex=-1, replicas=[ReplicaUC[[DISK]DS-35fe98df-21d3-4a14-9902-8b2f7e536cd9:NORMAL:127.0.0.1:50012|RBW]]} size 40903
23/01/12 09:38:48 INFO hdfs.StateChange: DIR* completeFile: /tmp/hadoop-yarn/staging/history/done_intermediate/ubuntu/job_1673515610637_0003-1673516308987-ubuntu-streamjob17512230452076588034.jar-1673516328032-2-1-SUCCEEDED-default-1673516313703.jhist_tmp is closed by DFSClient_NONMAPREDUCE_-1063260614_1
23/01/12 09:38:48 INFO hdfs.StateChange: BLOCK* allocate blk_1073741883_1059{UCState=UNDER_CONSTRUCTION, truncateBlock=null, primaryNodeIndex=-1, replicas=[ReplicaUC[[DISK]DS-6379e533-8930-4b01-9ec1-f0a625efdb01:NORMAL:127.0.0.1:50010|RBW]]} for /tmp/hadoop-yarn/staging/history/done_intermediate/ubuntu/job_1673515610637_0003_conf.xml_tmp
23/01/12 09:38:48 INFO BlockStateChange: BLOCK* addStoredBlock: blockMap updated: 127.0.0.1:50010 is added to blk_1073741883_1059{UCState=UNDER_CONSTRUCTION, truncateBlock=null, primaryNodeIndex=-1, replicas=[ReplicaUC[[DISK]DS-6379e533-8930-4b01-9ec1-f0a625efdb01:NORMAL:127.0.0.1:50010|RBW]]} size 0
23/01/12 09:38:48 INFO hdfs.StateChange: DIR* completeFile: /tmp/hadoop-yarn/staging/history/done_intermediate/ubuntu/job_1673515610637_0003_conf.xml_tmp is closed by DFSClient_NONMAPREDUCE_-1063260614_1
23/01/12 09:38:49 INFO BlockStateChange: BLOCK* addToInvalidates: blk_1073741872_1048 127.0.0.1:50010 127.0.0.1:50012 
23/01/12 09:38:49 INFO BlockStateChange: BLOCK* addToInvalidates: blk_1073741873_1049 127.0.0.1:50012 127.0.0.1:50010 
23/01/12 09:38:49 INFO BlockStateChange: BLOCK* addToInvalidates: blk_1073741874_1050 127.0.0.1:50012 127.0.0.1:50010 
23/01/12 09:38:49 INFO BlockStateChange: BLOCK* addToInvalidates: blk_1073741875_1051 127.0.0.1:50012 127.0.0.1:50010 
23/01/12 09:38:49 INFO BlockStateChange: BLOCK* addToInvalidates: blk_1073741876_1052 127.0.0.1:50010 
23/01/12 09:38:49 INFO BlockStateChange: BLOCK* addToInvalidates: blk_1073741877_1053 127.0.0.1:50010 
23/01/12 09:38:49 INFO BlockStateChange: BLOCK* addToInvalidates: blk_1073741879_1055 127.0.0.1:50010 
23/01/12 09:38:49 INFO BlockStateChange: BLOCK* addToInvalidates: blk_1073741878_1054 127.0.0.1:50012 
23/01/12 09:38:50 INFO BlockStateChange: BLOCK* BlockManager: ask 127.0.0.1:50012 to delete [blk_1073741872_1048, blk_1073741873_1049, blk_1073741874_1050, blk_1073741875_1051, blk_1073741878_1054]
23/01/12 09:38:53 INFO BlockStateChange: BLOCK* BlockManager: ask 127.0.0.1:50010 to delete [blk_1073741872_1048, blk_1073741873_1049, blk_1073741874_1050, blk_1073741875_1051, blk_1073741876_1052, blk_1073741877_1053, blk_1073741879_1055]
23/01/12 09:53:31 INFO namenode.FSNamesystem: Roll Edit Log from 127.0.0.1
23/01/12 09:53:31 INFO namenode.FSEditLog: Rolling edit logs
23/01/12 09:53:31 INFO namenode.FSEditLog: Ending log segment 225
23/01/12 09:53:31 INFO namenode.FSEditLog: Number of transactions: 282 Total time for transactions(ms): 39 Number of transactions batched in Syncs: 6 Number of syncs: 199 SyncTimes(ms): 208 
23/01/12 09:53:31 INFO namenode.FSEditLog: Number of transactions: 282 Total time for transactions(ms): 39 Number of transactions batched in Syncs: 6 Number of syncs: 200 SyncTimes(ms): 208 
23/01/12 09:53:31 INFO namenode.FileJournalManager: Finalizing edits file /home/ubuntu/data/data-namenode/current/edits_inprogress_0000000000000000225 -> /home/ubuntu/data/data-namenode/current/edits_0000000000000000225-0000000000000000506
23/01/12 09:53:31 INFO namenode.FSEditLog: Starting log segment at 507
23/01/12 09:53:32 INFO namenode.TransferFsImage: Transfer took 0.02s at 150.00 KB/s
23/01/12 09:53:32 INFO namenode.TransferFsImage: Downloaded file fsimage.ckpt_0000000000000000506 size 3619 bytes.
23/01/12 09:53:32 INFO namenode.NNStorageRetentionManager: Going to retain 2 images with txid >= 224
23/01/12 09:53:32 INFO namenode.NNStorageRetentionManager: Purging old image FSImageFile(file=/home/ubuntu/data/data-namenode/current/fsimage_0000000000000000223, cpktTxId=0000000000000000223)
