23/01/12 09:12:30 INFO namenode.SecondaryNameNode: STARTUP_MSG: 
/************************************************************
STARTUP_MSG: Starting SecondaryNameNode
STARTUP_MSG:   host = ip-172-31-17-230/172.31.17.230
STARTUP_MSG:   args = []
STARTUP_MSG:   version = 2.7.3
STARTUP_MSG:   classpath = /home/ubuntu/hadoop/etc/hadoop:/home/ubuntu/hadoop/share/hadoop/common/lib/servlet-api-2.5.jar:/home/ubuntu/hadoop/share/hadoop/common/lib/jetty-6.1.26.jar:/home/ubuntu/hadoop/share/hadoop/common/lib/api-asn1-api-1.0.0-M20.jar:/home/ubuntu/hadoop/share/hadoop/common/lib/mockito-all-1.8.5.jar:/home/ubuntu/hadoop/share/hadoop/common/lib/commons-logging-1.1.3.jar:/home/ubuntu/hadoop/share/hadoop/common/lib/commons-math3-3.1.1.jar:/home/ubuntu/hadoop/share/hadoop/common/lib/httpcore-4.2.5.jar:/home/ubuntu/hadoop/share/hadoop/common/lib/guava-11.0.2.jar:/home/ubuntu/hadoop/share/hadoop/common/lib/commons-codec-1.4.jar:/home/ubuntu/hadoop/share/hadoop/common/lib/jets3t-0.9.0.jar:/home/ubuntu/hadoop/share/hadoop/common/lib/curator-recipes-2.7.1.jar:/home/ubuntu/hadoop/share/hadoop/common/lib/jetty-util-6.1.26.jar:/home/ubuntu/hadoop/share/hadoop/common/lib/htrace-core-3.1.0-incubating.jar:/home/ubuntu/hadoop/share/hadoop/common/lib/commons-httpclient-3.1.jar:/home/ubuntu/hadoop/share/hadoop/common/lib/commons-beanutils-core-1.8.0.jar:/home/ubuntu/hadoop/share/hadoop/common/lib/hamcrest-core-1.3.jar:/home/ubuntu/hadoop/share/hadoop/common/lib/jersey-json-1.9.jar:/home/ubuntu/hadoop/share/hadoop/common/lib/avro-1.7.4.jar:/home/ubuntu/hadoop/share/hadoop/common/lib/paranamer-2.3.jar:/home/ubuntu/hadoop/share/hadoop/common/lib/jaxb-api-2.2.2.jar:/home/ubuntu/hadoop/share/hadoop/common/lib/commons-configuration-1.6.jar:/home/ubuntu/hadoop/share/hadoop/common/lib/commons-io-2.4.jar:/home/ubuntu/hadoop/share/hadoop/common/lib/jsr305-3.0.0.jar:/home/ubuntu/hadoop/share/hadoop/common/lib/commons-cli-1.2.jar:/home/ubuntu/hadoop/share/hadoop/common/lib/jsp-api-2.1.jar:/home/ubuntu/hadoop/share/hadoop/common/lib/asm-3.2.jar:/home/ubuntu/hadoop/share/hadoop/common/lib/commons-collections-3.2.2.jar:/home/ubuntu/hadoop/share/hadoop/common/lib/stax-api-1.0-2.jar:/home/ubuntu/hadoop/share/hadoop/common/lib/commons-beanutils-1.7.0.jar:/home/ubuntu/hadoop/share/hadoop/common/lib/commons-net-3.1.jar:/home/ubuntu/hadoop/share/hadoop/common/lib/curator-framework-2.7.1.jar:/home/ubuntu/hadoop/share/hadoop/common/lib/apacheds-i18n-2.0.0-M15.jar:/home/ubuntu/hadoop/share/hadoop/common/lib/commons-lang-2.6.jar:/home/ubuntu/hadoop/share/hadoop/common/lib/jackson-jaxrs-1.9.13.jar:/home/ubuntu/hadoop/share/hadoop/common/lib/xmlenc-0.52.jar:/home/ubuntu/hadoop/share/hadoop/common/lib/jackson-mapper-asl-1.9.13.jar:/home/ubuntu/hadoop/share/hadoop/common/lib/xz-1.0.jar:/home/ubuntu/hadoop/share/hadoop/common/lib/slf4j-log4j12-1.7.10.jar:/home/ubuntu/hadoop/share/hadoop/common/lib/jersey-core-1.9.jar:/home/ubuntu/hadoop/share/hadoop/common/lib/api-util-1.0.0-M20.jar:/home/ubuntu/hadoop/share/hadoop/common/lib/jackson-xc-1.9.13.jar:/home/ubuntu/hadoop/share/hadoop/common/lib/jettison-1.1.jar:/home/ubuntu/hadoop/share/hadoop/common/lib/jersey-server-1.9.jar:/home/ubuntu/hadoop/share/hadoop/common/lib/jaxb-impl-2.2.3-1.jar:/home/ubuntu/hadoop/share/hadoop/common/lib/hadoop-annotations-2.7.3.jar:/home/ubuntu/hadoop/share/hadoop/common/lib/apacheds-kerberos-codec-2.0.0-M15.jar:/home/ubuntu/hadoop/share/hadoop/common/lib/snappy-java-1.0.4.1.jar:/home/ubuntu/hadoop/share/hadoop/common/lib/commons-digester-1.8.jar:/home/ubuntu/hadoop/share/hadoop/common/lib/slf4j-api-1.7.10.jar:/home/ubuntu/hadoop/share/hadoop/common/lib/junit-4.11.jar:/home/ubuntu/hadoop/share/hadoop/common/lib/jackson-core-asl-1.9.13.jar:/home/ubuntu/hadoop/share/hadoop/common/lib/activation-1.1.jar:/home/ubuntu/hadoop/share/hadoop/common/lib/log4j-1.2.17.jar:/home/ubuntu/hadoop/share/hadoop/common/lib/protobuf-java-2.5.0.jar:/home/ubuntu/hadoop/share/hadoop/common/lib/jsch-0.1.42.jar:/home/ubuntu/hadoop/share/hadoop/common/lib/commons-compress-1.4.1.jar:/home/ubuntu/hadoop/share/hadoop/common/lib/java-xmlbuilder-0.4.jar:/home/ubuntu/hadoop/share/hadoop/common/lib/zookeeper-3.4.6.jar:/home/ubuntu/hadoop/share/hadoop/common/lib/gson-2.2.4.jar:/home/ubuntu/hadoop/share/hadoop/common/lib/curator-client-2.7.1.jar:/home/ubuntu/hadoop/share/hadoop/common/lib/hadoop-auth-2.7.3.jar:/home/ubuntu/hadoop/share/hadoop/common/lib/netty-3.6.2.Final.jar:/home/ubuntu/hadoop/share/hadoop/common/lib/httpclient-4.2.5.jar:/home/ubuntu/hadoop/share/hadoop/common/hadoop-common-2.7.3.jar:/home/ubuntu/hadoop/share/hadoop/common/hadoop-nfs-2.7.3.jar:/home/ubuntu/hadoop/share/hadoop/common/hadoop-common-2.7.3-tests.jar:/home/ubuntu/hadoop/share/hadoop/hdfs:/home/ubuntu/hadoop/share/hadoop/hdfs/lib/servlet-api-2.5.jar:/home/ubuntu/hadoop/share/hadoop/hdfs/lib/jetty-6.1.26.jar:/home/ubuntu/hadoop/share/hadoop/hdfs/lib/commons-logging-1.1.3.jar:/home/ubuntu/hadoop/share/hadoop/hdfs/lib/guava-11.0.2.jar:/home/ubuntu/hadoop/share/hadoop/hdfs/lib/commons-codec-1.4.jar:/home/ubuntu/hadoop/share/hadoop/hdfs/lib/leveldbjni-all-1.8.jar:/home/ubuntu/hadoop/share/hadoop/hdfs/lib/jetty-util-6.1.26.jar:/home/ubuntu/hadoop/share/hadoop/hdfs/lib/htrace-core-3.1.0-incubating.jar:/home/ubuntu/hadoop/share/hadoop/hdfs/lib/commons-daemon-1.0.13.jar:/home/ubuntu/hadoop/share/hadoop/hdfs/lib/commons-io-2.4.jar:/home/ubuntu/hadoop/share/hadoop/hdfs/lib/jsr305-3.0.0.jar:/home/ubuntu/hadoop/share/hadoop/hdfs/lib/commons-cli-1.2.jar:/home/ubuntu/hadoop/share/hadoop/hdfs/lib/asm-3.2.jar:/home/ubuntu/hadoop/share/hadoop/hdfs/lib/commons-lang-2.6.jar:/home/ubuntu/hadoop/share/hadoop/hdfs/lib/xmlenc-0.52.jar:/home/ubuntu/hadoop/share/hadoop/hdfs/lib/jackson-mapper-asl-1.9.13.jar:/home/ubuntu/hadoop/share/hadoop/hdfs/lib/jersey-core-1.9.jar:/home/ubuntu/hadoop/share/hadoop/hdfs/lib/jersey-server-1.9.jar:/home/ubuntu/hadoop/share/hadoop/hdfs/lib/netty-all-4.0.23.Final.jar:/home/ubuntu/hadoop/share/hadoop/hdfs/lib/xercesImpl-2.9.1.jar:/home/ubuntu/hadoop/share/hadoop/hdfs/lib/jackson-core-asl-1.9.13.jar:/home/ubuntu/hadoop/share/hadoop/hdfs/lib/log4j-1.2.17.jar:/home/ubuntu/hadoop/share/hadoop/hdfs/lib/protobuf-java-2.5.0.jar:/home/ubuntu/hadoop/share/hadoop/hdfs/lib/xml-apis-1.3.04.jar:/home/ubuntu/hadoop/share/hadoop/hdfs/lib/netty-3.6.2.Final.jar:/home/ubuntu/hadoop/share/hadoop/hdfs/hadoop-hdfs-2.7.3-tests.jar:/home/ubuntu/hadoop/share/hadoop/hdfs/hadoop-hdfs-2.7.3.jar:/home/ubuntu/hadoop/share/hadoop/hdfs/hadoop-hdfs-nfs-2.7.3.jar:/home/ubuntu/hadoop/share/hadoop/yarn/lib/servlet-api-2.5.jar:/home/ubuntu/hadoop/share/hadoop/yarn/lib/jetty-6.1.26.jar:/home/ubuntu/hadoop/share/hadoop/yarn/lib/commons-logging-1.1.3.jar:/home/ubuntu/hadoop/share/hadoop/yarn/lib/guava-11.0.2.jar:/home/ubuntu/hadoop/share/hadoop/yarn/lib/commons-codec-1.4.jar:/home/ubuntu/hadoop/share/hadoop/yarn/lib/leveldbjni-all-1.8.jar:/home/ubuntu/hadoop/share/hadoop/yarn/lib/jetty-util-6.1.26.jar:/home/ubuntu/hadoop/share/hadoop/yarn/lib/jersey-json-1.9.jar:/home/ubuntu/hadoop/share/hadoop/yarn/lib/jersey-guice-1.9.jar:/home/ubuntu/hadoop/share/hadoop/yarn/lib/guice-3.0.jar:/home/ubuntu/hadoop/share/hadoop/yarn/lib/jaxb-api-2.2.2.jar:/home/ubuntu/hadoop/share/hadoop/yarn/lib/guice-servlet-3.0.jar:/home/ubuntu/hadoop/share/hadoop/yarn/lib/commons-io-2.4.jar:/home/ubuntu/hadoop/share/hadoop/yarn/lib/jsr305-3.0.0.jar:/home/ubuntu/hadoop/share/hadoop/yarn/lib/commons-cli-1.2.jar:/home/ubuntu/hadoop/share/hadoop/yarn/lib/asm-3.2.jar:/home/ubuntu/hadoop/share/hadoop/yarn/lib/commons-collections-3.2.2.jar:/home/ubuntu/hadoop/share/hadoop/yarn/lib/stax-api-1.0-2.jar:/home/ubuntu/hadoop/share/hadoop/yarn/lib/commons-lang-2.6.jar:/home/ubuntu/hadoop/share/hadoop/yarn/lib/jackson-jaxrs-1.9.13.jar:/home/ubuntu/hadoop/share/hadoop/yarn/lib/aopalliance-1.0.jar:/home/ubuntu/hadoop/share/hadoop/yarn/lib/jackson-mapper-asl-1.9.13.jar:/home/ubuntu/hadoop/share/hadoop/yarn/lib/xz-1.0.jar:/home/ubuntu/hadoop/share/hadoop/yarn/lib/jersey-core-1.9.jar:/home/ubuntu/hadoop/share/hadoop/yarn/lib/jackson-xc-1.9.13.jar:/home/ubuntu/hadoop/share/hadoop/yarn/lib/jettison-1.1.jar:/home/ubuntu/hadoop/share/hadoop/yarn/lib/javax.inject-1.jar:/home/ubuntu/hadoop/share/hadoop/yarn/lib/jersey-server-1.9.jar:/home/ubuntu/hadoop/share/hadoop/yarn/lib/jaxb-impl-2.2.3-1.jar:/home/ubuntu/hadoop/share/hadoop/yarn/lib/jersey-client-1.9.jar:/home/ubuntu/hadoop/share/hadoop/yarn/lib/jackson-core-asl-1.9.13.jar:/home/ubuntu/hadoop/share/hadoop/yarn/lib/activation-1.1.jar:/home/ubuntu/hadoop/share/hadoop/yarn/lib/log4j-1.2.17.jar:/home/ubuntu/hadoop/share/hadoop/yarn/lib/protobuf-java-2.5.0.jar:/home/ubuntu/hadoop/share/hadoop/yarn/lib/commons-compress-1.4.1.jar:/home/ubuntu/hadoop/share/hadoop/yarn/lib/zookeeper-3.4.6.jar:/home/ubuntu/hadoop/share/hadoop/yarn/lib/zookeeper-3.4.6-tests.jar:/home/ubuntu/hadoop/share/hadoop/yarn/lib/netty-3.6.2.Final.jar:/home/ubuntu/hadoop/share/hadoop/yarn/hadoop-yarn-server-nodemanager-2.7.3.jar:/home/ubuntu/hadoop/share/hadoop/yarn/hadoop-yarn-server-web-proxy-2.7.3.jar:/home/ubuntu/hadoop/share/hadoop/yarn/hadoop-yarn-registry-2.7.3.jar:/home/ubuntu/hadoop/share/hadoop/yarn/hadoop-yarn-api-2.7.3.jar:/home/ubuntu/hadoop/share/hadoop/yarn/hadoop-yarn-server-tests-2.7.3.jar:/home/ubuntu/hadoop/share/hadoop/yarn/hadoop-yarn-common-2.7.3.jar:/home/ubuntu/hadoop/share/hadoop/yarn/hadoop-yarn-server-common-2.7.3.jar:/home/ubuntu/hadoop/share/hadoop/yarn/hadoop-yarn-applications-distributedshell-2.7.3.jar:/home/ubuntu/hadoop/share/hadoop/yarn/hadoop-yarn-client-2.7.3.jar:/home/ubuntu/hadoop/share/hadoop/yarn/hadoop-yarn-server-resourcemanager-2.7.3.jar:/home/ubuntu/hadoop/share/hadoop/yarn/hadoop-yarn-server-applicationhistoryservice-2.7.3.jar:/home/ubuntu/hadoop/share/hadoop/yarn/hadoop-yarn-server-sharedcachemanager-2.7.3.jar:/home/ubuntu/hadoop/share/hadoop/yarn/hadoop-yarn-applications-unmanaged-am-launcher-2.7.3.jar:/home/ubuntu/hadoop/share/hadoop/mapreduce/lib/leveldbjni-all-1.8.jar:/home/ubuntu/hadoop/share/hadoop/mapreduce/lib/hamcrest-core-1.3.jar:/home/ubuntu/hadoop/share/hadoop/mapreduce/lib/avro-1.7.4.jar:/home/ubuntu/hadoop/share/hadoop/mapreduce/lib/jersey-guice-1.9.jar:/home/ubuntu/hadoop/share/hadoop/mapreduce/lib/guice-3.0.jar:/home/ubuntu/hadoop/share/hadoop/mapreduce/lib/paranamer-2.3.jar:/home/ubuntu/hadoop/share/hadoop/mapreduce/lib/guice-servlet-3.0.jar:/home/ubuntu/hadoop/share/hadoop/mapreduce/lib/commons-io-2.4.jar:/home/ubuntu/hadoop/share/hadoop/mapreduce/lib/asm-3.2.jar:/home/ubuntu/hadoop/share/hadoop/mapreduce/lib/aopalliance-1.0.jar:/home/ubuntu/hadoop/share/hadoop/mapreduce/lib/jackson-mapper-asl-1.9.13.jar:/home/ubuntu/hadoop/share/hadoop/mapreduce/lib/xz-1.0.jar:/home/ubuntu/hadoop/share/hadoop/mapreduce/lib/jersey-core-1.9.jar:/home/ubuntu/hadoop/share/hadoop/mapreduce/lib/javax.inject-1.jar:/home/ubuntu/hadoop/share/hadoop/mapreduce/lib/jersey-server-1.9.jar:/home/ubuntu/hadoop/share/hadoop/mapreduce/lib/hadoop-annotations-2.7.3.jar:/home/ubuntu/hadoop/share/hadoop/mapreduce/lib/snappy-java-1.0.4.1.jar:/home/ubuntu/hadoop/share/hadoop/mapreduce/lib/junit-4.11.jar:/home/ubuntu/hadoop/share/hadoop/mapreduce/lib/jackson-core-asl-1.9.13.jar:/home/ubuntu/hadoop/share/hadoop/mapreduce/lib/log4j-1.2.17.jar:/home/ubuntu/hadoop/share/hadoop/mapreduce/lib/protobuf-java-2.5.0.jar:/home/ubuntu/hadoop/share/hadoop/mapreduce/lib/commons-compress-1.4.1.jar:/home/ubuntu/hadoop/share/hadoop/mapreduce/lib/netty-3.6.2.Final.jar:/home/ubuntu/hadoop/share/hadoop/mapreduce/hadoop-mapreduce-client-shuffle-2.7.3.jar:/home/ubuntu/hadoop/share/hadoop/mapreduce/hadoop-mapreduce-client-app-2.7.3.jar:/home/ubuntu/hadoop/share/hadoop/mapreduce/hadoop-mapreduce-client-hs-2.7.3.jar:/home/ubuntu/hadoop/share/hadoop/mapreduce/hadoop-mapreduce-client-jobclient-2.7.3-tests.jar:/home/ubuntu/hadoop/share/hadoop/mapreduce/hadoop-mapreduce-examples-2.7.3.jar:/home/ubuntu/hadoop/share/hadoop/mapreduce/hadoop-mapreduce-client-hs-plugins-2.7.3.jar:/home/ubuntu/hadoop/share/hadoop/mapreduce/hadoop-mapreduce-client-common-2.7.3.jar:/home/ubuntu/hadoop/share/hadoop/mapreduce/hadoop-mapreduce-client-jobclient-2.7.3.jar:/home/ubuntu/hadoop/share/hadoop/mapreduce/hadoop-mapreduce-client-core-2.7.3.jar:/home/ubuntu/hadoop/contrib/capacity-scheduler/*.jar
STARTUP_MSG:   build = https://git-wip-us.apache.org/repos/asf/hadoop.git -r baa91f7c6bc9cb92be5982de4719c1c8af91ccff; compiled by 'root' on 2016-08-18T01:41Z
STARTUP_MSG:   java = 11.0.17
************************************************************/
23/01/12 09:12:30 INFO namenode.SecondaryNameNode: registered UNIX signal handlers for [TERM, HUP, INT]
WARNING: An illegal reflective access operation has occurred
WARNING: Illegal reflective access by org.apache.hadoop.security.authentication.util.KerberosUtil (file:/home/ubuntu/hadoop/share/hadoop/common/lib/hadoop-auth-2.7.3.jar) to method sun.security.krb5.Config.getInstance()
WARNING: Please consider reporting this to the maintainers of org.apache.hadoop.security.authentication.util.KerberosUtil
WARNING: Use --illegal-access=warn to enable warnings of further illegal reflective access operations
WARNING: All illegal access operations will be denied in a future release
23/01/12 09:12:30 INFO impl.MetricsConfig: loaded properties from hadoop-metrics2.properties
23/01/12 09:12:30 INFO impl.MetricsSystemImpl: Scheduled snapshot period at 10 second(s).
23/01/12 09:12:30 INFO impl.MetricsSystemImpl: SecondaryNameNode metrics system started
23/01/12 09:12:31 INFO common.Storage: Lock on /tmp/hadoop-ubuntu/dfs/namesecondary/in_use.lock acquired by nodename 1439@ip-172-31-17-230
23/01/12 09:12:31 INFO namenode.FSNamesystem: No KeyProvider found.
23/01/12 09:12:31 INFO namenode.FSNamesystem: fsLock is fair:true
23/01/12 09:12:31 INFO blockmanagement.DatanodeManager: dfs.block.invalidate.limit=1000
23/01/12 09:12:31 INFO blockmanagement.DatanodeManager: dfs.namenode.datanode.registration.ip-hostname-check=true
23/01/12 09:12:31 INFO blockmanagement.BlockManager: dfs.namenode.startup.delay.block.deletion.sec is set to 000:00:00:00.000
23/01/12 09:12:31 INFO blockmanagement.BlockManager: The block deletion will start around 2023 Jan 12 09:12:31
23/01/12 09:12:31 INFO util.GSet: Computing capacity for map BlocksMap
23/01/12 09:12:31 INFO util.GSet: VM type       = 64-bit
23/01/12 09:12:31 INFO util.GSet: 2.0% max memory 1000 MB = 20 MB
23/01/12 09:12:31 INFO util.GSet: capacity      = 2^21 = 2097152 entries
23/01/12 09:12:31 INFO blockmanagement.BlockManager: dfs.block.access.token.enable=false
23/01/12 09:12:31 INFO blockmanagement.BlockManager: defaultReplication         = 1
23/01/12 09:12:31 INFO blockmanagement.BlockManager: maxReplication             = 512
23/01/12 09:12:31 INFO blockmanagement.BlockManager: minReplication             = 1
23/01/12 09:12:31 INFO blockmanagement.BlockManager: maxReplicationStreams      = 2
23/01/12 09:12:31 INFO blockmanagement.BlockManager: replicationRecheckInterval = 3000
23/01/12 09:12:31 INFO blockmanagement.BlockManager: encryptDataTransfer        = false
23/01/12 09:12:31 INFO blockmanagement.BlockManager: maxNumBlocksToLog          = 1000
23/01/12 09:12:31 INFO namenode.FSNamesystem: fsOwner             = ubuntu (auth:SIMPLE)
23/01/12 09:12:31 INFO namenode.FSNamesystem: supergroup          = supergroup
23/01/12 09:12:31 INFO namenode.FSNamesystem: isPermissionEnabled = true
23/01/12 09:12:31 INFO namenode.FSNamesystem: HA Enabled: false
23/01/12 09:12:31 INFO namenode.FSNamesystem: Append Enabled: true
23/01/12 09:12:31 INFO util.GSet: Computing capacity for map INodeMap
23/01/12 09:12:31 INFO util.GSet: VM type       = 64-bit
23/01/12 09:12:31 INFO util.GSet: 1.0% max memory 1000 MB = 10 MB
23/01/12 09:12:31 INFO util.GSet: capacity      = 2^20 = 1048576 entries
23/01/12 09:12:31 INFO namenode.FSDirectory: ACLs enabled? false
23/01/12 09:12:31 INFO namenode.FSDirectory: XAttrs enabled? true
23/01/12 09:12:31 INFO namenode.FSDirectory: Maximum size of an xattr: 16384
23/01/12 09:12:31 INFO namenode.NameNode: Caching file names occuring more than 10 times
23/01/12 09:12:31 INFO util.GSet: Computing capacity for map cachedBlocks
23/01/12 09:12:31 INFO util.GSet: VM type       = 64-bit
23/01/12 09:12:31 INFO util.GSet: 0.25% max memory 1000 MB = 2.5 MB
23/01/12 09:12:31 INFO util.GSet: capacity      = 2^18 = 262144 entries
23/01/12 09:12:31 INFO namenode.FSNamesystem: dfs.namenode.safemode.threshold-pct = 0.9990000128746033
23/01/12 09:12:31 INFO namenode.FSNamesystem: dfs.namenode.safemode.min.datanodes = 0
23/01/12 09:12:31 INFO namenode.FSNamesystem: dfs.namenode.safemode.extension     = 30000
23/01/12 09:12:31 INFO metrics.TopMetrics: NNTop conf: dfs.namenode.top.window.num.buckets = 10
23/01/12 09:12:31 INFO metrics.TopMetrics: NNTop conf: dfs.namenode.top.num.users = 10
23/01/12 09:12:31 INFO metrics.TopMetrics: NNTop conf: dfs.namenode.top.windows.minutes = 1,5,25
23/01/12 09:12:31 INFO hdfs.DFSUtil: Starting Web-server for secondary at: http://0.0.0.0:50090
23/01/12 09:12:31 INFO mortbay.log: Logging to org.slf4j.impl.Log4jLoggerAdapter(org.mortbay.log) via org.mortbay.log.Slf4jLog
23/01/12 09:12:31 INFO server.AuthenticationFilter: Unable to initialize FileSignerSecretProvider, falling back to use random secrets.
23/01/12 09:12:31 INFO http.HttpRequestLog: Http request log for http.requests.secondary is not defined
23/01/12 09:12:31 INFO http.HttpServer2: Added global filter 'safety' (class=org.apache.hadoop.http.HttpServer2$QuotingInputFilter)
23/01/12 09:12:31 INFO http.HttpServer2: Added filter static_user_filter (class=org.apache.hadoop.http.lib.StaticUserWebFilter$StaticUserFilter) to context secondary
23/01/12 09:12:31 INFO http.HttpServer2: Added filter static_user_filter (class=org.apache.hadoop.http.lib.StaticUserWebFilter$StaticUserFilter) to context logs
23/01/12 09:12:31 INFO http.HttpServer2: Added filter static_user_filter (class=org.apache.hadoop.http.lib.StaticUserWebFilter$StaticUserFilter) to context static
23/01/12 09:12:31 INFO http.HttpServer2: Jetty bound to port 50090
23/01/12 09:12:31 INFO mortbay.log: jetty-6.1.26
23/01/12 09:12:31 INFO mortbay.log: Started HttpServer2$SelectChannelConnectorWithSafeStartup@0.0.0.0:50090
23/01/12 09:12:31 INFO namenode.SecondaryNameNode: Web server init done
23/01/12 09:12:31 INFO namenode.SecondaryNameNode: Checkpoint Period   :3600 secs (60 min)
23/01/12 09:12:31 INFO namenode.SecondaryNameNode: Log Size Trigger    :1000000 txns
23/01/12 09:53:31 INFO namenode.SecondaryNameNode: Image has changed. Downloading updated image from NN.
23/01/12 09:53:32 INFO namenode.TransferFsImage: Opening connection to http://localhost:50070/imagetransfer?getimage=1&txid=224&storageInfo=-63:688373179:0:CID-a278f104-fea3-40fd-9bfa-bde9f6015c24
23/01/12 09:53:32 INFO namenode.TransferFsImage: Image Transfer timeout configured to 60000 milliseconds
23/01/12 09:53:32 INFO namenode.TransferFsImage: Transfer took 0.03s at 66.67 KB/s
23/01/12 09:53:32 INFO namenode.TransferFsImage: Downloaded file fsimage.ckpt_0000000000000000224 size 2254 bytes.
23/01/12 09:53:32 INFO namenode.TransferFsImage: Opening connection to http://localhost:50070/imagetransfer?getedit=1&startTxId=225&endTxId=506&storageInfo=-63:688373179:0:CID-a278f104-fea3-40fd-9bfa-bde9f6015c24
23/01/12 09:53:32 INFO namenode.TransferFsImage: Transfer took 0.00s at 12000.00 KB/s
23/01/12 09:53:32 INFO namenode.TransferFsImage: Downloaded file edits_tmp_0000000000000000225-0000000000000000506_0000000000003629702 size 0 bytes.
23/01/12 09:53:32 INFO namenode.FSImageFormatPBINode: Loading 24 INodes.
23/01/12 09:53:32 INFO namenode.FSImageFormatProtobuf: Loaded FSImage in 0 seconds.
23/01/12 09:53:32 INFO namenode.FSImage: Loaded image for txid 224 from /tmp/hadoop-ubuntu/dfs/namesecondary/current/fsimage_0000000000000000224
23/01/12 09:53:32 INFO namenode.NameCache: initialized with 0 entries 0 lookups
23/01/12 09:53:32 INFO namenode.Checkpointer: Checkpointer about to load edits from 1 stream(s).
23/01/12 09:53:32 INFO namenode.FSImage: Reading /tmp/hadoop-ubuntu/dfs/namesecondary/current/edits_0000000000000000225-0000000000000000506 expecting start txid #225
23/01/12 09:53:32 INFO namenode.FSImage: Start loading edits file /tmp/hadoop-ubuntu/dfs/namesecondary/current/edits_0000000000000000225-0000000000000000506
23/01/12 09:53:32 INFO namenode.FSImage: Edits file /tmp/hadoop-ubuntu/dfs/namesecondary/current/edits_0000000000000000225-0000000000000000506 of size 37192 edits # 282 loaded in 0 seconds
23/01/12 09:53:32 INFO namenode.FSImageFormatProtobuf: Saving image file /tmp/hadoop-ubuntu/dfs/namesecondary/current/fsimage.ckpt_0000000000000000506 using no compression
23/01/12 09:53:32 INFO namenode.FSImageFormatProtobuf: Image file /tmp/hadoop-ubuntu/dfs/namesecondary/current/fsimage.ckpt_0000000000000000506 of size 3619 bytes saved in 0 seconds.
23/01/12 09:53:32 INFO namenode.FSImageTransactionalStorageInspector: No version file in /tmp/hadoop-ubuntu/dfs/namesecondary
23/01/12 09:53:32 INFO namenode.TransferFsImage: Uploaded image with txid 506 to namenode at http://localhost:50070 in 0.036 seconds
23/01/12 09:53:32 WARN namenode.SecondaryNameNode: Checkpoint done. New Image Size: 3619
